<?xml version="1.0" encoding="UTF-8"?>
<testsuite xmlns:xsi="http://www.w3.org/2001/XMLSchema-instance" xsi:noNamespaceSchemaLocation="https://maven.apache.org/surefire/maven-surefire-plugin/xsd/surefire-test-report-3.0.xsd" version="3.0" name="org.ht.MesEventsTest" time="13.481" tests="1" errors="0" skipped="0" failures="0">
  <properties>
    <property name="sun.desktop" value="windows"/>
    <property name="awt.toolkit" value="sun.awt.windows.WToolkit"/>
    <property name="java.specification.version" value="11"/>
    <property name="sun.cpu.isalist" value="amd64"/>
    <property name="sun.jnu.encoding" value="GBK"/>
    <property name="test.url" value="http://localhost:8081"/>
    <property name="java.class.path" value="E:\github\quarkuskafkaconn\target\test-classes;E:\github\quarkuskafkaconn\target\classes;C:\Users\Administrator\.m2\repository\io\quarkus\quarkus-openshift\2.1.1.Final\quarkus-openshift-2.1.1.Final.jar;C:\Users\Administrator\.m2\repository\io\quarkus\quarkus-kubernetes-client-internal\2.1.1.Final\quarkus-kubernetes-client-internal-2.1.1.Final.jar;C:\Users\Administrator\.m2\repository\io\quarkus\quarkus-container-image-openshift\2.1.1.Final\quarkus-container-image-openshift-2.1.1.Final.jar;C:\Users\Administrator\.m2\repository\io\quarkus\quarkus-container-image\2.1.1.Final\quarkus-container-image-2.1.1.Final.jar;C:\Users\Administrator\.m2\repository\io\quarkus\quarkus-kubernetes\2.1.1.Final\quarkus-kubernetes-2.1.1.Final.jar;C:\Users\Administrator\.m2\repository\io\quarkus\quarkus-openshift-client\2.1.1.Final\quarkus-openshift-client-2.1.1.Final.jar;C:\Users\Administrator\.m2\repository\io\quarkus\quarkus-kubernetes-client\2.1.1.Final\quarkus-kubernetes-client-2.1.1.Final.jar;C:\Users\Administrator\.m2\repository\io\fabric8\kubernetes-client\5.6.0\kubernetes-client-5.6.0.jar;C:\Users\Administrator\.m2\repository\io\fabric8\kubernetes-model-core\5.6.0\kubernetes-model-core-5.6.0.jar;C:\Users\Administrator\.m2\repository\io\fabric8\kubernetes-model-rbac\5.6.0\kubernetes-model-rbac-5.6.0.jar;C:\Users\Administrator\.m2\repository\io\fabric8\kubernetes-model-admissionregistration\5.6.0\kubernetes-model-admissionregistration-5.6.0.jar;C:\Users\Administrator\.m2\repository\io\fabric8\kubernetes-model-apps\5.6.0\kubernetes-model-apps-5.6.0.jar;C:\Users\Administrator\.m2\repository\io\fabric8\kubernetes-model-autoscaling\5.6.0\kubernetes-model-autoscaling-5.6.0.jar;C:\Users\Administrator\.m2\repository\io\fabric8\kubernetes-model-apiextensions\5.6.0\kubernetes-model-apiextensions-5.6.0.jar;C:\Users\Administrator\.m2\repository\io\fabric8\kubernetes-model-batch\5.6.0\kubernetes-model-batch-5.6.0.jar;C:\Users\Administrator\.m2\repository\io\fabric8\kubernetes-model-certificates\5.6.0\kubernetes-model-certificates-5.6.0.jar;C:\Users\Administrator\.m2\repository\io\fabric8\kubernetes-model-coordination\5.6.0\kubernetes-model-coordination-5.6.0.jar;C:\Users\Administrator\.m2\repository\io\fabric8\kubernetes-model-discovery\5.6.0\kubernetes-model-discovery-5.6.0.jar;C:\Users\Administrator\.m2\repository\io\fabric8\kubernetes-model-events\5.6.0\kubernetes-model-events-5.6.0.jar;C:\Users\Administrator\.m2\repository\io\fabric8\kubernetes-model-extensions\5.6.0\kubernetes-model-extensions-5.6.0.jar;C:\Users\Administrator\.m2\repository\io\fabric8\kubernetes-model-flowcontrol\5.6.0\kubernetes-model-flowcontrol-5.6.0.jar;C:\Users\Administrator\.m2\repository\io\fabric8\kubernetes-model-networking\5.6.0\kubernetes-model-networking-5.6.0.jar;C:\Users\Administrator\.m2\repository\io\fabric8\kubernetes-model-metrics\5.6.0\kubernetes-model-metrics-5.6.0.jar;C:\Users\Administrator\.m2\repository\io\fabric8\kubernetes-model-policy\5.6.0\kubernetes-model-policy-5.6.0.jar;C:\Users\Administrator\.m2\repository\io\fabric8\kubernetes-model-scheduling\5.6.0\kubernetes-model-scheduling-5.6.0.jar;C:\Users\Administrator\.m2\repository\io\fabric8\kubernetes-model-storageclass\5.6.0\kubernetes-model-storageclass-5.6.0.jar;C:\Users\Administrator\.m2\repository\io\fabric8\kubernetes-model-node\5.6.0\kubernetes-model-node-5.6.0.jar;C:\Users\Administrator\.m2\repository\com\squareup\okhttp3\okhttp\3.14.9\okhttp-3.14.9.jar;C:\Users\Administrator\.m2\repository\com\squareup\okio\okio\1.17.2\okio-1.17.2.jar;C:\Users\Administrator\.m2\repository\com\squareup\okhttp3\logging-interceptor\3.14.9\logging-interceptor-3.14.9.jar;C:\Users\Administrator\.m2\repository\com\fasterxml\jackson\dataformat\jackson-dataformat-yaml\2.12.4\jackson-dataformat-yaml-2.12.4.jar;C:\Users\Administrator\.m2\repository\com\fasterxml\jackson\core\jackson-core\2.12.4\jackson-core-2.12.4.jar;C:\Users\Administrator\.m2\repository\io\fabric8\zjsonpatch\0.3.0\zjsonpatch-0.3.0.jar;C:\Users\Administrator\.m2\repository\com\github\mifmif\generex\1.0.2\generex-1.0.2.jar;C:\Users\Administrator\.m2\repository\dk\brics\automaton\automaton\1.11-8\automaton-1.11-8.jar;C:\Users\Administrator\.m2\repository\org\apache\commons\commons-compress\1.20\commons-compress-1.20.jar;C:\Users\Administrator\.m2\repository\org\jboss\spec\javax\xml\bind\jboss-jaxb-api_2.3_spec\2.0.0.Final\jboss-jaxb-api_2.3_spec-2.0.0.Final.jar;C:\Users\Administrator\.m2\repository\io\smallrye\config\smallrye-config-source-yaml\2.4.2\smallrye-config-source-yaml-2.4.2.jar;C:\Users\Administrator\.m2\repository\org\yaml\snakeyaml\1.29\snakeyaml-1.29.jar;C:\Users\Administrator\.m2\repository\io\smallrye\config\smallrye-config-common\2.4.2\smallrye-config-common-2.4.2.jar;C:\Users\Administrator\.m2\repository\org\eclipse\microprofile\config\microprofile-config-api\2.0\microprofile-config-api-2.0.jar;C:\Users\Administrator\.m2\repository\io\smallrye\common\smallrye-common-classloader\1.6.0\smallrye-common-classloader-1.6.0.jar;C:\Users\Administrator\.m2\repository\io\smallrye\common\smallrye-common-constraint\1.6.0\smallrye-common-constraint-1.6.0.jar;C:\Users\Administrator\.m2\repository\io\fabric8\openshift-client\5.6.0\openshift-client-5.6.0.jar;C:\Users\Administrator\.m2\repository\io\fabric8\openshift-model\5.6.0\openshift-model-5.6.0.jar;C:\Users\Administrator\.m2\repository\io\fabric8\kubernetes-model-common\5.6.0\kubernetes-model-common-5.6.0.jar;C:\Users\Administrator\.m2\repository\com\fasterxml\jackson\core\jackson-annotations\2.12.4\jackson-annotations-2.12.4.jar;C:\Users\Administrator\.m2\repository\io\fabric8\openshift-model-clusterautoscaling\5.6.0\openshift-model-clusterautoscaling-5.6.0.jar;C:\Users\Administrator\.m2\repository\io\fabric8\openshift-model-operator\5.6.0\openshift-model-operator-5.6.0.jar;C:\Users\Administrator\.m2\repository\io\fabric8\openshift-model-operatorhub\5.6.0\openshift-model-operatorhub-5.6.0.jar;C:\Users\Administrator\.m2\repository\io\fabric8\openshift-model-machine\5.6.0\openshift-model-machine-5.6.0.jar;C:\Users\Administrator\.m2\repository\io\fabric8\openshift-model-whereabouts\5.6.0\openshift-model-whereabouts-5.6.0.jar;C:\Users\Administrator\.m2\repository\io\fabric8\openshift-model-monitoring\5.6.0\openshift-model-monitoring-5.6.0.jar;C:\Users\Administrator\.m2\repository\io\fabric8\openshift-model-storageversionmigrator\5.6.0\openshift-model-storageversionmigrator-5.6.0.jar;C:\Users\Administrator\.m2\repository\io\fabric8\openshift-model-tuned\5.6.0\openshift-model-tuned-5.6.0.jar;C:\Users\Administrator\.m2\repository\io\fabric8\openshift-model-console\5.6.0\openshift-model-console-5.6.0.jar;C:\Users\Administrator\.m2\repository\io\fabric8\openshift-model-machineconfig\5.6.0\openshift-model-machineconfig-5.6.0.jar;C:\Users\Administrator\.m2\repository\io\fabric8\openshift-model-miscellaneous\5.6.0\openshift-model-miscellaneous-5.6.0.jar;C:\Users\Administrator\.m2\repository\io\quarkus\quarkus-resteasy-jsonb\2.1.1.Final\quarkus-resteasy-jsonb-2.1.1.Final.jar;C:\Users\Administrator\.m2\repository\io\quarkus\quarkus-jsonb\2.1.1.Final\quarkus-jsonb-2.1.1.Final.jar;C:\Users\Administrator\.m2\repository\org\eclipse\yasson\1.0.9\yasson-1.0.9.jar;C:\Users\Administrator\.m2\repository\io\quarkus\quarkus-jsonp\2.1.1.Final\quarkus-jsonp-2.1.1.Final.jar;C:\Users\Administrator\.m2\repository\org\jboss\resteasy\resteasy-json-binding-provider\4.7.0.Final\resteasy-json-binding-provider-4.7.0.Final.jar;C:\Users\Administrator\.m2\repository\org\glassfish\jakarta.json\1.1.6\jakarta.json-1.1.6.jar;C:\Users\Administrator\.m2\repository\jakarta\json\bind\jakarta.json.bind-api\1.0.2\jakarta.json.bind-api-1.0.2.jar;C:\Users\Administrator\.m2\repository\org\jboss\logging\jboss-logging\3.4.2.Final\jboss-logging-3.4.2.Final.jar;C:\Users\Administrator\.m2\repository\org\jboss\resteasy\resteasy-json-p-provider\4.7.0.Final\resteasy-json-p-provider-4.7.0.Final.jar;C:\Users\Administrator\.m2\repository\commons-io\commons-io\2.11.0\commons-io-2.11.0.jar;C:\Users\Administrator\.m2\repository\io\quarkus\quarkus-smallrye-reactive-messaging-kafka\2.1.1.Final\quarkus-smallrye-reactive-messaging-kafka-2.1.1.Final.jar;C:\Users\Administrator\.m2\repository\io\quarkus\quarkus-kafka-client\2.1.1.Final\quarkus-kafka-client-2.1.1.Final.jar;C:\Users\Administrator\.m2\repository\io\quarkus\quarkus-caffeine\2.1.1.Final\quarkus-caffeine-2.1.1.Final.jar;C:\Users\Administrator\.m2\repository\com\github\ben-manes\caffeine\caffeine\2.9.2\caffeine-2.9.2.jar;C:\Users\Administrator\.m2\repository\com\google\errorprone\error_prone_annotations\2.2.0\error_prone_annotations-2.2.0.jar;C:\Users\Administrator\.m2\repository\io\smallrye\reactive\smallrye-reactive-messaging-kafka\3.7.1\smallrye-reactive-messaging-kafka-3.7.1.jar;C:\Users\Administrator\.m2\repository\io\smallrye\reactive\smallrye-reactive-messaging-kafka-api\3.7.1\smallrye-reactive-messaging-kafka-api-3.7.1.jar;C:\Users\Administrator\.m2\repository\io\opentelemetry\opentelemetry-api\1.4.1\opentelemetry-api-1.4.1.jar;C:\Users\Administrator\.m2\repository\io\opentelemetry\opentelemetry-context\1.4.1\opentelemetry-context-1.4.1.jar;C:\Users\Administrator\.m2\repository\io\opentelemetry\opentelemetry-semconv\1.4.1-alpha\opentelemetry-semconv-1.4.1-alpha.jar;C:\Users\Administrator\.m2\repository\io\smallrye\reactive\smallrye-reactive-converter-api\2.6.0\smallrye-reactive-converter-api-2.6.0.jar;C:\Users\Administrator\.m2\repository\org\reactivestreams\reactive-streams\1.0.3\reactive-streams-1.0.3.jar;C:\Users\Administrator\.m2\repository\io\smallrye\reactive\mutiny\0.19.2\mutiny-0.19.2.jar;C:\Users\Administrator\.m2\repository\io\quarkus\quarkus-jackson\2.1.1.Final\quarkus-jackson-2.1.1.Final.jar;C:\Users\Administrator\.m2\repository\com\fasterxml\jackson\core\jackson-databind\2.12.4\jackson-databind-2.12.4.jar;C:\Users\Administrator\.m2\repository\com\fasterxml\jackson\datatype\jackson-datatype-jsr310\2.12.4\jackson-datatype-jsr310-2.12.4.jar;C:\Users\Administrator\.m2\repository\com\fasterxml\jackson\datatype\jackson-datatype-jdk8\2.12.4\jackson-datatype-jdk8-2.12.4.jar;C:\Users\Administrator\.m2\repository\com\fasterxml\jackson\module\jackson-module-parameter-names\2.12.4\jackson-module-parameter-names-2.12.4.jar;C:\Users\Administrator\.m2\repository\org\apache\kafka\kafka-clients\2.8.0\kafka-clients-2.8.0.jar;C:\Users\Administrator\.m2\repository\com\github\luben\zstd-jni\1.4.9-1\zstd-jni-1.4.9-1.jar;C:\Users\Administrator\.m2\repository\org\lz4\lz4-java\1.7.1\lz4-java-1.7.1.jar;C:\Users\Administrator\.m2\repository\org\xerial\snappy\snappy-java\1.1.8.1\snappy-java-1.1.8.1.jar;C:\Users\Administrator\.m2\repository\org\slf4j\slf4j-api\1.7.30\slf4j-api-1.7.30.jar;C:\Users\Administrator\.m2\repository\io\vertx\vertx-kafka-client\4.1.2\vertx-kafka-client-4.1.2.jar;C:\Users\Administrator\.m2\repository\io\vertx\vertx-core\4.1.2\vertx-core-4.1.2.jar;C:\Users\Administrator\.m2\repository\io\netty\netty-common\4.1.65.Final\netty-common-4.1.65.Final.jar;C:\Users\Administrator\.m2\repository\io\netty\netty-buffer\4.1.65.Final\netty-buffer-4.1.65.Final.jar;C:\Users\Administrator\.m2\repository\io\netty\netty-transport\4.1.65.Final\netty-transport-4.1.65.Final.jar;C:\Users\Administrator\.m2\repository\io\netty\netty-handler\4.1.65.Final\netty-handler-4.1.65.Final.jar;C:\Users\Administrator\.m2\repository\io\netty\netty-codec\4.1.65.Final\netty-codec-4.1.65.Final.jar;C:\Users\Administrator\.m2\repository\io\netty\netty-handler-proxy\4.1.65.Final\netty-handler-proxy-4.1.65.Final.jar;C:\Users\Administrator\.m2\repository\io\netty\netty-codec-socks\4.1.65.Final\netty-codec-socks-4.1.65.Final.jar;C:\Users\Administrator\.m2\repository\io\netty\netty-codec-http\4.1.65.Final\netty-codec-http-4.1.65.Final.jar;C:\Users\Administrator\.m2\repository\io\netty\netty-codec-http2\4.1.65.Final\netty-codec-http2-4.1.65.Final.jar;C:\Users\Administrator\.m2\repository\io\netty\netty-resolver\4.1.65.Final\netty-resolver-4.1.65.Final.jar;C:\Users\Administrator\.m2\repository\io\netty\netty-resolver-dns\4.1.65.Final\netty-resolver-dns-4.1.65.Final.jar;C:\Users\Administrator\.m2\repository\io\netty\netty-codec-dns\4.1.65.Final\netty-codec-dns-4.1.65.Final.jar;C:\Users\Administrator\.m2\repository\io\quarkus\quarkus-smallrye-reactive-messaging\2.1.1.Final\quarkus-smallrye-reactive-messaging-2.1.1.Final.jar;C:\Users\Administrator\.m2\repository\io\quarkus\quarkus-mutiny-reactive-streams-operators\2.1.1.Final\quarkus-mutiny-reactive-streams-operators-2.1.1.Final.jar;C:\Users\Administrator\.m2\repository\org\eclipse\microprofile\reactive-streams-operators\microprofile-reactive-streams-operators-api\1.0.1\microprofile-reactive-streams-operators-api-1.0.1.jar;C:\Users\Administrator\.m2\repository\org\eclipse\microprofile\reactive-streams-operators\microprofile-reactive-streams-operators-core\1.0.1\microprofile-reactive-streams-operators-core-1.0.1.jar;C:\Users\Administrator\.m2\repository\io\smallrye\reactive\mutiny-reactive-streams-operators\0.19.2\mutiny-reactive-streams-operators-0.19.2.jar;C:\Users\Administrator\.m2\repository\io\smallrye\reactive\mutiny-smallrye-context-propagation\0.19.2\mutiny-smallrye-context-propagation-0.19.2.jar;C:\Users\Administrator\.m2\repository\io\smallrye\smallrye-context-propagation\1.2.0\smallrye-context-propagation-1.2.0.jar;C:\Users\Administrator\.m2\repository\io\smallrye\smallrye-context-propagation-api\1.2.0\smallrye-context-propagation-api-1.2.0.jar;C:\Users\Administrator\.m2\repository\io\smallrye\smallrye-context-propagation-storage\1.2.0\smallrye-context-propagation-storage-1.2.0.jar;C:\Users\Administrator\.m2\repository\io\quarkus\quarkus-smallrye-context-propagation\2.1.1.Final\quarkus-smallrye-context-propagation-2.1.1.Final.jar;C:\Users\Administrator\.m2\repository\io\quarkus\quarkus-smallrye-reactive-messaging-kotlin\2.1.1.Final\quarkus-smallrye-reactive-messaging-kotlin-2.1.1.Final.jar;C:\Users\Administrator\.m2\repository\io\quarkus\quarkus-vertx\2.1.1.Final\quarkus-vertx-2.1.1.Final.jar;C:\Users\Administrator\.m2\repository\io\quarkus\quarkus-netty\2.1.1.Final\quarkus-netty-2.1.1.Final.jar;C:\Users\Administrator\.m2\repository\io\smallrye\smallrye-fault-tolerance-vertx\5.2.1\smallrye-fault-tolerance-vertx-5.2.1.jar;C:\Users\Administrator\.m2\repository\io\smallrye\common\smallrye-common-annotation\1.6.0\smallrye-common-annotation-1.6.0.jar;C:\Users\Administrator\.m2\repository\io\smallrye\reactive\smallrye-reactive-messaging-health\3.7.1\smallrye-reactive-messaging-health-3.7.1.jar;C:\Users\Administrator\.m2\repository\org\eclipse\microprofile\health\microprofile-health-api\3.1\microprofile-health-api-3.1.jar;C:\Users\Administrator\.m2\repository\io\smallrye\reactive\smallrye-reactive-messaging-provider\3.7.1\smallrye-reactive-messaging-provider-3.7.1.jar;C:\Users\Administrator\.m2\repository\io\smallrye\reactive\smallrye-reactive-messaging-api\3.7.1\smallrye-reactive-messaging-api-3.7.1.jar;C:\Users\Administrator\.m2\repository\io\smallrye\reactive\smallrye-mutiny-vertx-core\2.11.0\smallrye-mutiny-vertx-core-2.11.0.jar;C:\Users\Administrator\.m2\repository\io\smallrye\reactive\smallrye-mutiny-vertx-runtime\2.11.0\smallrye-mutiny-vertx-runtime-2.11.0.jar;C:\Users\Administrator\.m2\repository\io\smallrye\reactive\vertx-mutiny-generator\2.11.0\vertx-mutiny-generator-2.11.0.jar;C:\Users\Administrator\.m2\repository\io\vertx\vertx-codegen\4.1.2\vertx-codegen-4.1.2.jar;C:\Users\Administrator\.m2\repository\org\jboss\jandex\2.3.0.Final\jandex-2.3.0.Final.jar;C:\Users\Administrator\.m2\repository\jakarta\annotation\jakarta.annotation-api\1.3.5\jakarta.annotation-api-1.3.5.jar;C:\Users\Administrator\.m2\repository\io\quarkus\quarkus-arc\2.1.1.Final\quarkus-arc-2.1.1.Final.jar;C:\Users\Administrator\.m2\repository\io\quarkus\arc\arc\2.1.1.Final\arc-2.1.1.Final.jar;C:\Users\Administrator\.m2\repository\jakarta\enterprise\jakarta.enterprise.cdi-api\2.0.2\jakarta.enterprise.cdi-api-2.0.2.jar;C:\Users\Administrator\.m2\repository\jakarta\el\jakarta.el-api\3.0.3\jakarta.el-api-3.0.3.jar;C:\Users\Administrator\.m2\repository\jakarta\interceptor\jakarta.interceptor-api\1.2.5\jakarta.interceptor-api-1.2.5.jar;C:\Users\Administrator\.m2\repository\jakarta\transaction\jakarta.transaction-api\1.3.3\jakarta.transaction-api-1.3.3.jar;C:\Users\Administrator\.m2\repository\io\quarkus\quarkus-core\2.1.1.Final\quarkus-core-2.1.1.Final.jar;C:\Users\Administrator\.m2\repository\jakarta\inject\jakarta.inject-api\1.0\jakarta.inject-api-1.0.jar;C:\Users\Administrator\.m2\repository\io\quarkus\quarkus-ide-launcher\2.1.1.Final\quarkus-ide-launcher-2.1.1.Final.jar;C:\Users\Administrator\.m2\repository\io\quarkus\quarkus-development-mode-spi\2.1.1.Final\quarkus-development-mode-spi-2.1.1.Final.jar;C:\Users\Administrator\.m2\repository\io\smallrye\config\smallrye-config\2.4.2\smallrye-config-2.4.2.jar;C:\Users\Administrator\.m2\repository\io\smallrye\config\smallrye-config-core\2.4.2\smallrye-config-core-2.4.2.jar;C:\Users\Administrator\.m2\repository\io\smallrye\common\smallrye-common-expression\1.6.0\smallrye-common-expression-1.6.0.jar;C:\Users\Administrator\.m2\repository\io\smallrye\common\smallrye-common-function\1.6.0\smallrye-common-function-1.6.0.jar;C:\Users\Administrator\.m2\repository\org\jboss\logmanager\jboss-logmanager-embedded\1.0.9\jboss-logmanager-embedded-1.0.9.jar;C:\Users\Administrator\.m2\repository\org\jboss\logging\jboss-logging-annotations\2.2.1.Final\jboss-logging-annotations-2.2.1.Final.jar;C:\Users\Administrator\.m2\repository\org\jboss\threads\jboss-threads\3.4.0.Final\jboss-threads-3.4.0.Final.jar;C:\Users\Administrator\.m2\repository\org\jboss\slf4j\slf4j-jboss-logmanager\1.1.0.Final\slf4j-jboss-logmanager-1.1.0.Final.jar;C:\Users\Administrator\.m2\repository\org\graalvm\sdk\graal-sdk\21.1.0\graal-sdk-21.1.0.jar;C:\Users\Administrator\.m2\repository\org\wildfly\common\wildfly-common\1.5.4.Final-format-001\wildfly-common-1.5.4.Final-format-001.jar;C:\Users\Administrator\.m2\repository\io\quarkus\quarkus-bootstrap-runner\2.1.1.Final\quarkus-bootstrap-runner-2.1.1.Final.jar;C:\Users\Administrator\.m2\repository\org\eclipse\microprofile\context-propagation\microprofile-context-propagation-api\1.2\microprofile-context-propagation-api-1.2.jar;C:\Users\Administrator\.m2\repository\io\quarkus\quarkus-resteasy\2.1.1.Final\quarkus-resteasy-2.1.1.Final.jar;C:\Users\Administrator\.m2\repository\io\quarkus\quarkus-vertx-http\2.1.1.Final\quarkus-vertx-http-2.1.1.Final.jar;C:\Users\Administrator\.m2\repository\io\quarkus\quarkus-security-runtime-spi\2.1.1.Final\quarkus-security-runtime-spi-2.1.1.Final.jar;C:\Users\Administrator\.m2\repository\io\quarkus\quarkus-mutiny\2.1.1.Final\quarkus-mutiny-2.1.1.Final.jar;C:\Users\Administrator\.m2\repository\io\quarkus\quarkus-vertx-http-dev-console-runtime-spi\2.1.1.Final\quarkus-vertx-http-dev-console-runtime-spi-2.1.1.Final.jar;C:\Users\Administrator\.m2\repository\io\quarkus\security\quarkus-security\1.1.4.Final\quarkus-security-1.1.4.Final.jar;C:\Users\Administrator\.m2\repository\io\quarkus\quarkus-vertx-core\2.1.1.Final\quarkus-vertx-core-2.1.1.Final.jar;C:\Users\Administrator\.m2\repository\io\netty\netty-codec-haproxy\4.1.65.Final\netty-codec-haproxy-4.1.65.Final.jar;C:\Users\Administrator\.m2\repository\io\vertx\vertx-web\4.1.2\vertx-web-4.1.2.jar;C:\Users\Administrator\.m2\repository\io\vertx\vertx-web-common\4.1.2\vertx-web-common-4.1.2.jar;C:\Users\Administrator\.m2\repository\io\vertx\vertx-auth-common\4.1.2\vertx-auth-common-4.1.2.jar;C:\Users\Administrator\.m2\repository\io\vertx\vertx-bridge-common\4.1.2\vertx-bridge-common-4.1.2.jar;C:\Users\Administrator\.m2\repository\io\quarkus\quarkus-resteasy-server-common\2.1.1.Final\quarkus-resteasy-server-common-2.1.1.Final.jar;C:\Users\Administrator\.m2\repository\io\quarkus\quarkus-resteasy-common\2.1.1.Final\quarkus-resteasy-common-2.1.1.Final.jar;C:\Users\Administrator\.m2\repository\org\jboss\resteasy\resteasy-core\4.7.0.Final\resteasy-core-4.7.0.Final.jar;C:\Users\Administrator\.m2\repository\org\jboss\spec\javax\ws\rs\jboss-jaxrs-api_2.1_spec\2.0.1.Final\jboss-jaxrs-api_2.1_spec-2.0.1.Final.jar;C:\Users\Administrator\.m2\repository\org\jboss\resteasy\resteasy-core-spi\4.7.0.Final\resteasy-core-spi-4.7.0.Final.jar;C:\Users\Administrator\.m2\repository\com\ibm\async\asyncutil\0.1.0\asyncutil-0.1.0.jar;C:\Users\Administrator\.m2\repository\com\sun\activation\jakarta.activation\1.2.1\jakarta.activation-1.2.1.jar;C:\Users\Administrator\.m2\repository\jakarta\validation\jakarta.validation-api\2.0.2\jakarta.validation-api-2.0.2.jar;C:\Users\Administrator\.m2\repository\io\quarkus\quarkus-junit5\2.1.1.Final\quarkus-junit5-2.1.1.Final.jar;C:\Users\Administrator\.m2\repository\io\quarkus\quarkus-bootstrap-core\2.1.1.Final\quarkus-bootstrap-core-2.1.1.Final.jar;C:\Users\Administrator\.m2\repository\io\quarkus\quarkus-bootstrap-app-model\2.1.1.Final\quarkus-bootstrap-app-model-2.1.1.Final.jar;C:\Users\Administrator\.m2\repository\io\quarkus\quarkus-bootstrap-maven-resolver\2.1.1.Final\quarkus-bootstrap-maven-resolver-2.1.1.Final.jar;C:\Users\Administrator\.m2\repository\org\apache\maven\maven-embedder\3.8.1\maven-embedder-3.8.1.jar;C:\Users\Administrator\.m2\repository\org\apache\maven\maven-settings\3.8.1\maven-settings-3.8.1.jar;C:\Users\Administrator\.m2\repository\org\apache\maven\maven-core\3.8.1\maven-core-3.8.1.jar;C:\Users\Administrator\.m2\repository\org\apache\maven\maven-artifact\3.8.1\maven-artifact-3.8.1.jar;C:\Users\Administrator\.m2\repository\org\codehaus\plexus\plexus-component-annotations\2.1.0\plexus-component-annotations-2.1.0.jar;C:\Users\Administrator\.m2\repository\org\apache\maven\maven-plugin-api\3.8.1\maven-plugin-api-3.8.1.jar;C:\Users\Administrator\.m2\repository\org\apache\maven\maven-model\3.8.1\maven-model-3.8.1.jar;C:\Users\Administrator\.m2\repository\org\apache\maven\maven-model-builder\3.8.1\maven-model-builder-3.8.1.jar;C:\Users\Administrator\.m2\repository\org\apache\maven\maven-builder-support\3.8.1\maven-builder-support-3.8.1.jar;C:\Users\Administrator\.m2\repository\org\apache\maven\resolver\maven-resolver-api\1.6.2\maven-resolver-api-1.6.2.jar;C:\Users\Administrator\.m2\repository\org\apache\maven\resolver\maven-resolver-util\1.6.2\maven-resolver-util-1.6.2.jar;C:\Users\Administrator\.m2\repository\org\apache\maven\shared\maven-shared-utils\3.3.3\maven-shared-utils-3.3.3.jar;C:\Users\Administrator\.m2\repository\com\google\inject\guice\4.2.1\guice-4.2.1-no_aop.jar;C:\Users\Administrator\.m2\repository\com\google\guava\guava\30.1.1-jre\guava-30.1.1-jre.jar;C:\Users\Administrator\.m2\repository\com\google\guava\failureaccess\1.0.1\failureaccess-1.0.1.jar;C:\Users\Administrator\.m2\repository\com\google\guava\listenablefuture\9999.0-empty-to-avoid-conflict-with-guava\listenablefuture-9999.0-empty-to-avoid-conflict-with-guava.jar;C:\Users\Administrator\.m2\repository\org\codehaus\plexus\plexus-utils\3.2.1\plexus-utils-3.2.1.jar;C:\Users\Administrator\.m2\repository\org\codehaus\plexus\plexus-classworlds\2.6.0\plexus-classworlds-2.6.0.jar;C:\Users\Administrator\.m2\repository\commons-cli\commons-cli\1.4\commons-cli-1.4.jar;C:\Users\Administrator\.m2\repository\org\eclipse\sisu\org.eclipse.sisu.plexus\0.3.4\org.eclipse.sisu.plexus-0.3.4.jar;C:\Users\Administrator\.m2\repository\org\apache\maven\maven-settings-builder\3.8.1\maven-settings-builder-3.8.1.jar;C:\Users\Administrator\.m2\repository\org\codehaus\plexus\plexus-interpolation\1.25\plexus-interpolation-1.25.jar;C:\Users\Administrator\.m2\repository\org\sonatype\plexus\plexus-sec-dispatcher\1.4\plexus-sec-dispatcher-1.4.jar;C:\Users\Administrator\.m2\repository\org\sonatype\plexus\plexus-cipher\1.4\plexus-cipher-1.4.jar;C:\Users\Administrator\.m2\repository\org\apache\maven\maven-resolver-provider\3.8.1\maven-resolver-provider-3.8.1.jar;C:\Users\Administrator\.m2\repository\org\apache\maven\maven-repository-metadata\3.8.1\maven-repository-metadata-3.8.1.jar;C:\Users\Administrator\.m2\repository\org\apache\maven\resolver\maven-resolver-spi\1.6.2\maven-resolver-spi-1.6.2.jar;C:\Users\Administrator\.m2\repository\org\apache\maven\resolver\maven-resolver-impl\1.6.2\maven-resolver-impl-1.6.2.jar;C:\Users\Administrator\.m2\repository\org\apache\maven\resolver\maven-resolver-connector-basic\1.6.2\maven-resolver-connector-basic-1.6.2.jar;C:\Users\Administrator\.m2\repository\org\apache\maven\resolver\maven-resolver-transport-wagon\1.6.2\maven-resolver-transport-wagon-1.6.2.jar;C:\Users\Administrator\.m2\repository\org\apache\maven\wagon\wagon-http\3.4.3\wagon-http-3.4.3.jar;C:\Users\Administrator\.m2\repository\org\apache\maven\wagon\wagon-http-shared\3.4.3\wagon-http-shared-3.4.3.jar;C:\Users\Administrator\.m2\repository\org\jsoup\jsoup\1.12.1\jsoup-1.12.1.jar;C:\Users\Administrator\.m2\repository\org\apache\maven\wagon\wagon-provider-api\3.4.3\wagon-provider-api-3.4.3.jar;C:\Users\Administrator\.m2\repository\org\apache\maven\wagon\wagon-file\3.4.3\wagon-file-3.4.3.jar;C:\Users\Administrator\.m2\repository\io\quarkus\quarkus-bootstrap-gradle-resolver\2.1.1.Final\quarkus-bootstrap-gradle-resolver-2.1.1.Final.jar;C:\Users\Administrator\.m2\repository\io\smallrye\common\smallrye-common-io\1.6.0\smallrye-common-io-1.6.0.jar;C:\Users\Administrator\.m2\repository\org\eclipse\sisu\org.eclipse.sisu.inject\0.3.4\org.eclipse.sisu.inject-0.3.4.jar;C:\Users\Administrator\.m2\repository\io\quarkus\quarkus-test-common\2.1.1.Final\quarkus-test-common-2.1.1.Final.jar;C:\Users\Administrator\.m2\repository\io\quarkus\quarkus-core-deployment\2.1.1.Final\quarkus-core-deployment-2.1.1.Final.jar;C:\Users\Administrator\.m2\repository\org\aesh\readline\2.1\readline-2.1.jar;C:\Users\Administrator\.m2\repository\org\fusesource\jansi\jansi\1.18\jansi-1.18.jar;C:\Users\Administrator\.m2\repository\io\quarkus\gizmo\gizmo\1.0.9.Final\gizmo-1.0.9.Final.jar;C:\Users\Administrator\.m2\repository\org\ow2\asm\asm-util\9.1\asm-util-9.1.jar;C:\Users\Administrator\.m2\repository\org\ow2\asm\asm-tree\9.1\asm-tree-9.1.jar;C:\Users\Administrator\.m2\repository\org\ow2\asm\asm-analysis\9.1\asm-analysis-9.1.jar;C:\Users\Administrator\.m2\repository\org\ow2\asm\asm\9.1\asm-9.1.jar;C:\Users\Administrator\.m2\repository\io\quarkus\quarkus-class-change-agent\2.1.1.Final\quarkus-class-change-agent-2.1.1.Final.jar;C:\Users\Administrator\.m2\repository\io\quarkus\quarkus-devtools-utilities\2.1.1.Final\quarkus-devtools-utilities-2.1.1.Final.jar;C:\Users\Administrator\.m2\repository\io\quarkus\quarkus-builder\2.1.1.Final\quarkus-builder-2.1.1.Final.jar;C:\Users\Administrator\.m2\repository\org\junit\platform\junit-platform-launcher\1.7.2\junit-platform-launcher-1.7.2.jar;C:\Users\Administrator\.m2\repository\io\quarkus\quarkus-jsonp-deployment\2.1.1.Final\quarkus-jsonp-deployment-2.1.1.Final.jar;C:\Users\Administrator\.m2\repository\org\jboss\logging\commons-logging-jboss-logging\1.0.0.Final\commons-logging-jboss-logging-1.0.0.Final.jar;C:\Users\Administrator\.m2\repository\org\junit\jupiter\junit-jupiter\5.7.2\junit-jupiter-5.7.2.jar;C:\Users\Administrator\.m2\repository\org\junit\jupiter\junit-jupiter-api\5.7.2\junit-jupiter-api-5.7.2.jar;C:\Users\Administrator\.m2\repository\org\apiguardian\apiguardian-api\1.1.0\apiguardian-api-1.1.0.jar;C:\Users\Administrator\.m2\repository\org\opentest4j\opentest4j\1.2.0\opentest4j-1.2.0.jar;C:\Users\Administrator\.m2\repository\org\junit\platform\junit-platform-commons\1.7.2\junit-platform-commons-1.7.2.jar;C:\Users\Administrator\.m2\repository\org\junit\jupiter\junit-jupiter-params\5.7.2\junit-jupiter-params-5.7.2.jar;C:\Users\Administrator\.m2\repository\org\junit\jupiter\junit-jupiter-engine\5.7.2\junit-jupiter-engine-5.7.2.jar;C:\Users\Administrator\.m2\repository\org\junit\platform\junit-platform-engine\1.7.2\junit-platform-engine-1.7.2.jar;C:\Users\Administrator\.m2\repository\com\thoughtworks\xstream\xstream\1.4.17\xstream-1.4.17.jar;C:\Users\Administrator\.m2\repository\io\github\x-stream\mxparser\1.2.1\mxparser-1.2.1.jar;C:\Users\Administrator\.m2\repository\xmlpull\xmlpull\1.1.3.1\xmlpull-1.1.3.1.jar;C:\Users\Administrator\.m2\repository\io\rest-assured\rest-assured\4.4.0\rest-assured-4.4.0.jar;C:\Users\Administrator\.m2\repository\org\codehaus\groovy\groovy\3.0.8\groovy-3.0.8.jar;C:\Users\Administrator\.m2\repository\org\codehaus\groovy\groovy-xml\3.0.8\groovy-xml-3.0.8.jar;C:\Users\Administrator\.m2\repository\org\apache\httpcomponents\httpclient\4.5.13\httpclient-4.5.13.jar;C:\Users\Administrator\.m2\repository\org\apache\httpcomponents\httpcore\4.4.14\httpcore-4.4.14.jar;C:\Users\Administrator\.m2\repository\commons-codec\commons-codec\1.15\commons-codec-1.15.jar;C:\Users\Administrator\.m2\repository\org\apache\httpcomponents\httpmime\4.5.13\httpmime-4.5.13.jar;C:\Users\Administrator\.m2\repository\org\hamcrest\hamcrest\2.1\hamcrest-2.1.jar;C:\Users\Administrator\.m2\repository\org\ccil\cowan\tagsoup\tagsoup\1.2.1\tagsoup-1.2.1.jar;C:\Users\Administrator\.m2\repository\io\rest-assured\json-path\4.4.0\json-path-4.4.0.jar;C:\Users\Administrator\.m2\repository\org\codehaus\groovy\groovy-json\3.0.8\groovy-json-3.0.8.jar;C:\Users\Administrator\.m2\repository\io\rest-assured\rest-assured-common\4.4.0\rest-assured-common-4.4.0.jar;C:\Users\Administrator\.m2\repository\io\rest-assured\xml-path\4.4.0\xml-path-4.4.0.jar;C:\Users\Administrator\.m2\repository\org\apache\commons\commons-lang3\3.12.0\commons-lang3-3.12.0.jar;C:\Users\Administrator\.m2\repository\jakarta\xml\bind\jakarta.xml.bind-api\2.3.3\jakarta.xml.bind-api-2.3.3.jar;C:\Users\Administrator\.m2\repository\jakarta\activation\jakarta.activation-api\1.2.1\jakarta.activation-api-1.2.1.jar;C:\Users\Administrator\.m2\repository\com\sun\xml\bind\jaxb-impl\2.3.3\jaxb-impl-2.3.3.jar;"/>
    <property name="quarkus.container-image.build" value="true"/>
    <property name="java.vm.vendor" value="Oracle Corporation"/>
    <property name="sun.arch.data.model" value="64"/>
    <property name="user.variant" value=""/>
    <property name="java.vendor.url" value="http://java.oracle.com/"/>
    <property name="user.timezone" value="Asia/Shanghai"/>
    <property name="java.vm.specification.version" value="11"/>
    <property name="os.name" value="Windows 10"/>
    <property name="sun.java.launcher" value="SUN_STANDARD"/>
    <property name="user.country" value="CN"/>
    <property name="sun.boot.library.path" value="D:\java11\bin"/>
    <property name="sun.java.command" value="C:\Users\Administrator\AppData\Local\Temp\surefire1647186453388297202\surefirebooter2095712216996469719.jar C:\Users\Administrator\AppData\Local\Temp\surefire1647186453388297202 2021-08-12T08-10-31_725-jvmRun1 surefire11633502313687696590tmp surefire_0241569226350675500tmp"/>
    <property name="jdk.debug" value="release"/>
    <property name="maven.home" value="C:\Users\Administrator\.m2\wrapper\dists\apache-maven-3.8.1-bin\2l5mhf2pq2clrde7f7qp1rdt5m\apache-maven-3.8.1"/>
    <property name="surefire.test.class.path" value="E:\github\quarkuskafkaconn\target\test-classes;E:\github\quarkuskafkaconn\target\classes;C:\Users\Administrator\.m2\repository\io\quarkus\quarkus-openshift\2.1.1.Final\quarkus-openshift-2.1.1.Final.jar;C:\Users\Administrator\.m2\repository\io\quarkus\quarkus-kubernetes-client-internal\2.1.1.Final\quarkus-kubernetes-client-internal-2.1.1.Final.jar;C:\Users\Administrator\.m2\repository\io\quarkus\quarkus-container-image-openshift\2.1.1.Final\quarkus-container-image-openshift-2.1.1.Final.jar;C:\Users\Administrator\.m2\repository\io\quarkus\quarkus-container-image\2.1.1.Final\quarkus-container-image-2.1.1.Final.jar;C:\Users\Administrator\.m2\repository\io\quarkus\quarkus-kubernetes\2.1.1.Final\quarkus-kubernetes-2.1.1.Final.jar;C:\Users\Administrator\.m2\repository\io\quarkus\quarkus-openshift-client\2.1.1.Final\quarkus-openshift-client-2.1.1.Final.jar;C:\Users\Administrator\.m2\repository\io\quarkus\quarkus-kubernetes-client\2.1.1.Final\quarkus-kubernetes-client-2.1.1.Final.jar;C:\Users\Administrator\.m2\repository\io\fabric8\kubernetes-client\5.6.0\kubernetes-client-5.6.0.jar;C:\Users\Administrator\.m2\repository\io\fabric8\kubernetes-model-core\5.6.0\kubernetes-model-core-5.6.0.jar;C:\Users\Administrator\.m2\repository\io\fabric8\kubernetes-model-rbac\5.6.0\kubernetes-model-rbac-5.6.0.jar;C:\Users\Administrator\.m2\repository\io\fabric8\kubernetes-model-admissionregistration\5.6.0\kubernetes-model-admissionregistration-5.6.0.jar;C:\Users\Administrator\.m2\repository\io\fabric8\kubernetes-model-apps\5.6.0\kubernetes-model-apps-5.6.0.jar;C:\Users\Administrator\.m2\repository\io\fabric8\kubernetes-model-autoscaling\5.6.0\kubernetes-model-autoscaling-5.6.0.jar;C:\Users\Administrator\.m2\repository\io\fabric8\kubernetes-model-apiextensions\5.6.0\kubernetes-model-apiextensions-5.6.0.jar;C:\Users\Administrator\.m2\repository\io\fabric8\kubernetes-model-batch\5.6.0\kubernetes-model-batch-5.6.0.jar;C:\Users\Administrator\.m2\repository\io\fabric8\kubernetes-model-certificates\5.6.0\kubernetes-model-certificates-5.6.0.jar;C:\Users\Administrator\.m2\repository\io\fabric8\kubernetes-model-coordination\5.6.0\kubernetes-model-coordination-5.6.0.jar;C:\Users\Administrator\.m2\repository\io\fabric8\kubernetes-model-discovery\5.6.0\kubernetes-model-discovery-5.6.0.jar;C:\Users\Administrator\.m2\repository\io\fabric8\kubernetes-model-events\5.6.0\kubernetes-model-events-5.6.0.jar;C:\Users\Administrator\.m2\repository\io\fabric8\kubernetes-model-extensions\5.6.0\kubernetes-model-extensions-5.6.0.jar;C:\Users\Administrator\.m2\repository\io\fabric8\kubernetes-model-flowcontrol\5.6.0\kubernetes-model-flowcontrol-5.6.0.jar;C:\Users\Administrator\.m2\repository\io\fabric8\kubernetes-model-networking\5.6.0\kubernetes-model-networking-5.6.0.jar;C:\Users\Administrator\.m2\repository\io\fabric8\kubernetes-model-metrics\5.6.0\kubernetes-model-metrics-5.6.0.jar;C:\Users\Administrator\.m2\repository\io\fabric8\kubernetes-model-policy\5.6.0\kubernetes-model-policy-5.6.0.jar;C:\Users\Administrator\.m2\repository\io\fabric8\kubernetes-model-scheduling\5.6.0\kubernetes-model-scheduling-5.6.0.jar;C:\Users\Administrator\.m2\repository\io\fabric8\kubernetes-model-storageclass\5.6.0\kubernetes-model-storageclass-5.6.0.jar;C:\Users\Administrator\.m2\repository\io\fabric8\kubernetes-model-node\5.6.0\kubernetes-model-node-5.6.0.jar;C:\Users\Administrator\.m2\repository\com\squareup\okhttp3\okhttp\3.14.9\okhttp-3.14.9.jar;C:\Users\Administrator\.m2\repository\com\squareup\okio\okio\1.17.2\okio-1.17.2.jar;C:\Users\Administrator\.m2\repository\com\squareup\okhttp3\logging-interceptor\3.14.9\logging-interceptor-3.14.9.jar;C:\Users\Administrator\.m2\repository\com\fasterxml\jackson\dataformat\jackson-dataformat-yaml\2.12.4\jackson-dataformat-yaml-2.12.4.jar;C:\Users\Administrator\.m2\repository\com\fasterxml\jackson\core\jackson-core\2.12.4\jackson-core-2.12.4.jar;C:\Users\Administrator\.m2\repository\io\fabric8\zjsonpatch\0.3.0\zjsonpatch-0.3.0.jar;C:\Users\Administrator\.m2\repository\com\github\mifmif\generex\1.0.2\generex-1.0.2.jar;C:\Users\Administrator\.m2\repository\dk\brics\automaton\automaton\1.11-8\automaton-1.11-8.jar;C:\Users\Administrator\.m2\repository\org\apache\commons\commons-compress\1.20\commons-compress-1.20.jar;C:\Users\Administrator\.m2\repository\org\jboss\spec\javax\xml\bind\jboss-jaxb-api_2.3_spec\2.0.0.Final\jboss-jaxb-api_2.3_spec-2.0.0.Final.jar;C:\Users\Administrator\.m2\repository\io\smallrye\config\smallrye-config-source-yaml\2.4.2\smallrye-config-source-yaml-2.4.2.jar;C:\Users\Administrator\.m2\repository\org\yaml\snakeyaml\1.29\snakeyaml-1.29.jar;C:\Users\Administrator\.m2\repository\io\smallrye\config\smallrye-config-common\2.4.2\smallrye-config-common-2.4.2.jar;C:\Users\Administrator\.m2\repository\org\eclipse\microprofile\config\microprofile-config-api\2.0\microprofile-config-api-2.0.jar;C:\Users\Administrator\.m2\repository\io\smallrye\common\smallrye-common-classloader\1.6.0\smallrye-common-classloader-1.6.0.jar;C:\Users\Administrator\.m2\repository\io\smallrye\common\smallrye-common-constraint\1.6.0\smallrye-common-constraint-1.6.0.jar;C:\Users\Administrator\.m2\repository\io\fabric8\openshift-client\5.6.0\openshift-client-5.6.0.jar;C:\Users\Administrator\.m2\repository\io\fabric8\openshift-model\5.6.0\openshift-model-5.6.0.jar;C:\Users\Administrator\.m2\repository\io\fabric8\kubernetes-model-common\5.6.0\kubernetes-model-common-5.6.0.jar;C:\Users\Administrator\.m2\repository\com\fasterxml\jackson\core\jackson-annotations\2.12.4\jackson-annotations-2.12.4.jar;C:\Users\Administrator\.m2\repository\io\fabric8\openshift-model-clusterautoscaling\5.6.0\openshift-model-clusterautoscaling-5.6.0.jar;C:\Users\Administrator\.m2\repository\io\fabric8\openshift-model-operator\5.6.0\openshift-model-operator-5.6.0.jar;C:\Users\Administrator\.m2\repository\io\fabric8\openshift-model-operatorhub\5.6.0\openshift-model-operatorhub-5.6.0.jar;C:\Users\Administrator\.m2\repository\io\fabric8\openshift-model-machine\5.6.0\openshift-model-machine-5.6.0.jar;C:\Users\Administrator\.m2\repository\io\fabric8\openshift-model-whereabouts\5.6.0\openshift-model-whereabouts-5.6.0.jar;C:\Users\Administrator\.m2\repository\io\fabric8\openshift-model-monitoring\5.6.0\openshift-model-monitoring-5.6.0.jar;C:\Users\Administrator\.m2\repository\io\fabric8\openshift-model-storageversionmigrator\5.6.0\openshift-model-storageversionmigrator-5.6.0.jar;C:\Users\Administrator\.m2\repository\io\fabric8\openshift-model-tuned\5.6.0\openshift-model-tuned-5.6.0.jar;C:\Users\Administrator\.m2\repository\io\fabric8\openshift-model-console\5.6.0\openshift-model-console-5.6.0.jar;C:\Users\Administrator\.m2\repository\io\fabric8\openshift-model-machineconfig\5.6.0\openshift-model-machineconfig-5.6.0.jar;C:\Users\Administrator\.m2\repository\io\fabric8\openshift-model-miscellaneous\5.6.0\openshift-model-miscellaneous-5.6.0.jar;C:\Users\Administrator\.m2\repository\io\quarkus\quarkus-resteasy-jsonb\2.1.1.Final\quarkus-resteasy-jsonb-2.1.1.Final.jar;C:\Users\Administrator\.m2\repository\io\quarkus\quarkus-jsonb\2.1.1.Final\quarkus-jsonb-2.1.1.Final.jar;C:\Users\Administrator\.m2\repository\org\eclipse\yasson\1.0.9\yasson-1.0.9.jar;C:\Users\Administrator\.m2\repository\io\quarkus\quarkus-jsonp\2.1.1.Final\quarkus-jsonp-2.1.1.Final.jar;C:\Users\Administrator\.m2\repository\org\jboss\resteasy\resteasy-json-binding-provider\4.7.0.Final\resteasy-json-binding-provider-4.7.0.Final.jar;C:\Users\Administrator\.m2\repository\org\glassfish\jakarta.json\1.1.6\jakarta.json-1.1.6.jar;C:\Users\Administrator\.m2\repository\jakarta\json\bind\jakarta.json.bind-api\1.0.2\jakarta.json.bind-api-1.0.2.jar;C:\Users\Administrator\.m2\repository\org\jboss\logging\jboss-logging\3.4.2.Final\jboss-logging-3.4.2.Final.jar;C:\Users\Administrator\.m2\repository\org\jboss\resteasy\resteasy-json-p-provider\4.7.0.Final\resteasy-json-p-provider-4.7.0.Final.jar;C:\Users\Administrator\.m2\repository\commons-io\commons-io\2.11.0\commons-io-2.11.0.jar;C:\Users\Administrator\.m2\repository\io\quarkus\quarkus-smallrye-reactive-messaging-kafka\2.1.1.Final\quarkus-smallrye-reactive-messaging-kafka-2.1.1.Final.jar;C:\Users\Administrator\.m2\repository\io\quarkus\quarkus-kafka-client\2.1.1.Final\quarkus-kafka-client-2.1.1.Final.jar;C:\Users\Administrator\.m2\repository\io\quarkus\quarkus-caffeine\2.1.1.Final\quarkus-caffeine-2.1.1.Final.jar;C:\Users\Administrator\.m2\repository\com\github\ben-manes\caffeine\caffeine\2.9.2\caffeine-2.9.2.jar;C:\Users\Administrator\.m2\repository\com\google\errorprone\error_prone_annotations\2.2.0\error_prone_annotations-2.2.0.jar;C:\Users\Administrator\.m2\repository\io\smallrye\reactive\smallrye-reactive-messaging-kafka\3.7.1\smallrye-reactive-messaging-kafka-3.7.1.jar;C:\Users\Administrator\.m2\repository\io\smallrye\reactive\smallrye-reactive-messaging-kafka-api\3.7.1\smallrye-reactive-messaging-kafka-api-3.7.1.jar;C:\Users\Administrator\.m2\repository\io\opentelemetry\opentelemetry-api\1.4.1\opentelemetry-api-1.4.1.jar;C:\Users\Administrator\.m2\repository\io\opentelemetry\opentelemetry-context\1.4.1\opentelemetry-context-1.4.1.jar;C:\Users\Administrator\.m2\repository\io\opentelemetry\opentelemetry-semconv\1.4.1-alpha\opentelemetry-semconv-1.4.1-alpha.jar;C:\Users\Administrator\.m2\repository\io\smallrye\reactive\smallrye-reactive-converter-api\2.6.0\smallrye-reactive-converter-api-2.6.0.jar;C:\Users\Administrator\.m2\repository\org\reactivestreams\reactive-streams\1.0.3\reactive-streams-1.0.3.jar;C:\Users\Administrator\.m2\repository\io\smallrye\reactive\mutiny\0.19.2\mutiny-0.19.2.jar;C:\Users\Administrator\.m2\repository\io\quarkus\quarkus-jackson\2.1.1.Final\quarkus-jackson-2.1.1.Final.jar;C:\Users\Administrator\.m2\repository\com\fasterxml\jackson\core\jackson-databind\2.12.4\jackson-databind-2.12.4.jar;C:\Users\Administrator\.m2\repository\com\fasterxml\jackson\datatype\jackson-datatype-jsr310\2.12.4\jackson-datatype-jsr310-2.12.4.jar;C:\Users\Administrator\.m2\repository\com\fasterxml\jackson\datatype\jackson-datatype-jdk8\2.12.4\jackson-datatype-jdk8-2.12.4.jar;C:\Users\Administrator\.m2\repository\com\fasterxml\jackson\module\jackson-module-parameter-names\2.12.4\jackson-module-parameter-names-2.12.4.jar;C:\Users\Administrator\.m2\repository\org\apache\kafka\kafka-clients\2.8.0\kafka-clients-2.8.0.jar;C:\Users\Administrator\.m2\repository\com\github\luben\zstd-jni\1.4.9-1\zstd-jni-1.4.9-1.jar;C:\Users\Administrator\.m2\repository\org\lz4\lz4-java\1.7.1\lz4-java-1.7.1.jar;C:\Users\Administrator\.m2\repository\org\xerial\snappy\snappy-java\1.1.8.1\snappy-java-1.1.8.1.jar;C:\Users\Administrator\.m2\repository\org\slf4j\slf4j-api\1.7.30\slf4j-api-1.7.30.jar;C:\Users\Administrator\.m2\repository\io\vertx\vertx-kafka-client\4.1.2\vertx-kafka-client-4.1.2.jar;C:\Users\Administrator\.m2\repository\io\vertx\vertx-core\4.1.2\vertx-core-4.1.2.jar;C:\Users\Administrator\.m2\repository\io\netty\netty-common\4.1.65.Final\netty-common-4.1.65.Final.jar;C:\Users\Administrator\.m2\repository\io\netty\netty-buffer\4.1.65.Final\netty-buffer-4.1.65.Final.jar;C:\Users\Administrator\.m2\repository\io\netty\netty-transport\4.1.65.Final\netty-transport-4.1.65.Final.jar;C:\Users\Administrator\.m2\repository\io\netty\netty-handler\4.1.65.Final\netty-handler-4.1.65.Final.jar;C:\Users\Administrator\.m2\repository\io\netty\netty-codec\4.1.65.Final\netty-codec-4.1.65.Final.jar;C:\Users\Administrator\.m2\repository\io\netty\netty-handler-proxy\4.1.65.Final\netty-handler-proxy-4.1.65.Final.jar;C:\Users\Administrator\.m2\repository\io\netty\netty-codec-socks\4.1.65.Final\netty-codec-socks-4.1.65.Final.jar;C:\Users\Administrator\.m2\repository\io\netty\netty-codec-http\4.1.65.Final\netty-codec-http-4.1.65.Final.jar;C:\Users\Administrator\.m2\repository\io\netty\netty-codec-http2\4.1.65.Final\netty-codec-http2-4.1.65.Final.jar;C:\Users\Administrator\.m2\repository\io\netty\netty-resolver\4.1.65.Final\netty-resolver-4.1.65.Final.jar;C:\Users\Administrator\.m2\repository\io\netty\netty-resolver-dns\4.1.65.Final\netty-resolver-dns-4.1.65.Final.jar;C:\Users\Administrator\.m2\repository\io\netty\netty-codec-dns\4.1.65.Final\netty-codec-dns-4.1.65.Final.jar;C:\Users\Administrator\.m2\repository\io\quarkus\quarkus-smallrye-reactive-messaging\2.1.1.Final\quarkus-smallrye-reactive-messaging-2.1.1.Final.jar;C:\Users\Administrator\.m2\repository\io\quarkus\quarkus-mutiny-reactive-streams-operators\2.1.1.Final\quarkus-mutiny-reactive-streams-operators-2.1.1.Final.jar;C:\Users\Administrator\.m2\repository\org\eclipse\microprofile\reactive-streams-operators\microprofile-reactive-streams-operators-api\1.0.1\microprofile-reactive-streams-operators-api-1.0.1.jar;C:\Users\Administrator\.m2\repository\org\eclipse\microprofile\reactive-streams-operators\microprofile-reactive-streams-operators-core\1.0.1\microprofile-reactive-streams-operators-core-1.0.1.jar;C:\Users\Administrator\.m2\repository\io\smallrye\reactive\mutiny-reactive-streams-operators\0.19.2\mutiny-reactive-streams-operators-0.19.2.jar;C:\Users\Administrator\.m2\repository\io\smallrye\reactive\mutiny-smallrye-context-propagation\0.19.2\mutiny-smallrye-context-propagation-0.19.2.jar;C:\Users\Administrator\.m2\repository\io\smallrye\smallrye-context-propagation\1.2.0\smallrye-context-propagation-1.2.0.jar;C:\Users\Administrator\.m2\repository\io\smallrye\smallrye-context-propagation-api\1.2.0\smallrye-context-propagation-api-1.2.0.jar;C:\Users\Administrator\.m2\repository\io\smallrye\smallrye-context-propagation-storage\1.2.0\smallrye-context-propagation-storage-1.2.0.jar;C:\Users\Administrator\.m2\repository\io\quarkus\quarkus-smallrye-context-propagation\2.1.1.Final\quarkus-smallrye-context-propagation-2.1.1.Final.jar;C:\Users\Administrator\.m2\repository\io\quarkus\quarkus-smallrye-reactive-messaging-kotlin\2.1.1.Final\quarkus-smallrye-reactive-messaging-kotlin-2.1.1.Final.jar;C:\Users\Administrator\.m2\repository\io\quarkus\quarkus-vertx\2.1.1.Final\quarkus-vertx-2.1.1.Final.jar;C:\Users\Administrator\.m2\repository\io\quarkus\quarkus-netty\2.1.1.Final\quarkus-netty-2.1.1.Final.jar;C:\Users\Administrator\.m2\repository\io\smallrye\smallrye-fault-tolerance-vertx\5.2.1\smallrye-fault-tolerance-vertx-5.2.1.jar;C:\Users\Administrator\.m2\repository\io\smallrye\common\smallrye-common-annotation\1.6.0\smallrye-common-annotation-1.6.0.jar;C:\Users\Administrator\.m2\repository\io\smallrye\reactive\smallrye-reactive-messaging-health\3.7.1\smallrye-reactive-messaging-health-3.7.1.jar;C:\Users\Administrator\.m2\repository\org\eclipse\microprofile\health\microprofile-health-api\3.1\microprofile-health-api-3.1.jar;C:\Users\Administrator\.m2\repository\io\smallrye\reactive\smallrye-reactive-messaging-provider\3.7.1\smallrye-reactive-messaging-provider-3.7.1.jar;C:\Users\Administrator\.m2\repository\io\smallrye\reactive\smallrye-reactive-messaging-api\3.7.1\smallrye-reactive-messaging-api-3.7.1.jar;C:\Users\Administrator\.m2\repository\io\smallrye\reactive\smallrye-mutiny-vertx-core\2.11.0\smallrye-mutiny-vertx-core-2.11.0.jar;C:\Users\Administrator\.m2\repository\io\smallrye\reactive\smallrye-mutiny-vertx-runtime\2.11.0\smallrye-mutiny-vertx-runtime-2.11.0.jar;C:\Users\Administrator\.m2\repository\io\smallrye\reactive\vertx-mutiny-generator\2.11.0\vertx-mutiny-generator-2.11.0.jar;C:\Users\Administrator\.m2\repository\io\vertx\vertx-codegen\4.1.2\vertx-codegen-4.1.2.jar;C:\Users\Administrator\.m2\repository\org\jboss\jandex\2.3.0.Final\jandex-2.3.0.Final.jar;C:\Users\Administrator\.m2\repository\jakarta\annotation\jakarta.annotation-api\1.3.5\jakarta.annotation-api-1.3.5.jar;C:\Users\Administrator\.m2\repository\io\quarkus\quarkus-arc\2.1.1.Final\quarkus-arc-2.1.1.Final.jar;C:\Users\Administrator\.m2\repository\io\quarkus\arc\arc\2.1.1.Final\arc-2.1.1.Final.jar;C:\Users\Administrator\.m2\repository\jakarta\enterprise\jakarta.enterprise.cdi-api\2.0.2\jakarta.enterprise.cdi-api-2.0.2.jar;C:\Users\Administrator\.m2\repository\jakarta\el\jakarta.el-api\3.0.3\jakarta.el-api-3.0.3.jar;C:\Users\Administrator\.m2\repository\jakarta\interceptor\jakarta.interceptor-api\1.2.5\jakarta.interceptor-api-1.2.5.jar;C:\Users\Administrator\.m2\repository\jakarta\transaction\jakarta.transaction-api\1.3.3\jakarta.transaction-api-1.3.3.jar;C:\Users\Administrator\.m2\repository\io\quarkus\quarkus-core\2.1.1.Final\quarkus-core-2.1.1.Final.jar;C:\Users\Administrator\.m2\repository\jakarta\inject\jakarta.inject-api\1.0\jakarta.inject-api-1.0.jar;C:\Users\Administrator\.m2\repository\io\quarkus\quarkus-ide-launcher\2.1.1.Final\quarkus-ide-launcher-2.1.1.Final.jar;C:\Users\Administrator\.m2\repository\io\quarkus\quarkus-development-mode-spi\2.1.1.Final\quarkus-development-mode-spi-2.1.1.Final.jar;C:\Users\Administrator\.m2\repository\io\smallrye\config\smallrye-config\2.4.2\smallrye-config-2.4.2.jar;C:\Users\Administrator\.m2\repository\io\smallrye\config\smallrye-config-core\2.4.2\smallrye-config-core-2.4.2.jar;C:\Users\Administrator\.m2\repository\io\smallrye\common\smallrye-common-expression\1.6.0\smallrye-common-expression-1.6.0.jar;C:\Users\Administrator\.m2\repository\io\smallrye\common\smallrye-common-function\1.6.0\smallrye-common-function-1.6.0.jar;C:\Users\Administrator\.m2\repository\org\jboss\logmanager\jboss-logmanager-embedded\1.0.9\jboss-logmanager-embedded-1.0.9.jar;C:\Users\Administrator\.m2\repository\org\jboss\logging\jboss-logging-annotations\2.2.1.Final\jboss-logging-annotations-2.2.1.Final.jar;C:\Users\Administrator\.m2\repository\org\jboss\threads\jboss-threads\3.4.0.Final\jboss-threads-3.4.0.Final.jar;C:\Users\Administrator\.m2\repository\org\jboss\slf4j\slf4j-jboss-logmanager\1.1.0.Final\slf4j-jboss-logmanager-1.1.0.Final.jar;C:\Users\Administrator\.m2\repository\org\graalvm\sdk\graal-sdk\21.1.0\graal-sdk-21.1.0.jar;C:\Users\Administrator\.m2\repository\org\wildfly\common\wildfly-common\1.5.4.Final-format-001\wildfly-common-1.5.4.Final-format-001.jar;C:\Users\Administrator\.m2\repository\io\quarkus\quarkus-bootstrap-runner\2.1.1.Final\quarkus-bootstrap-runner-2.1.1.Final.jar;C:\Users\Administrator\.m2\repository\org\eclipse\microprofile\context-propagation\microprofile-context-propagation-api\1.2\microprofile-context-propagation-api-1.2.jar;C:\Users\Administrator\.m2\repository\io\quarkus\quarkus-resteasy\2.1.1.Final\quarkus-resteasy-2.1.1.Final.jar;C:\Users\Administrator\.m2\repository\io\quarkus\quarkus-vertx-http\2.1.1.Final\quarkus-vertx-http-2.1.1.Final.jar;C:\Users\Administrator\.m2\repository\io\quarkus\quarkus-security-runtime-spi\2.1.1.Final\quarkus-security-runtime-spi-2.1.1.Final.jar;C:\Users\Administrator\.m2\repository\io\quarkus\quarkus-mutiny\2.1.1.Final\quarkus-mutiny-2.1.1.Final.jar;C:\Users\Administrator\.m2\repository\io\quarkus\quarkus-vertx-http-dev-console-runtime-spi\2.1.1.Final\quarkus-vertx-http-dev-console-runtime-spi-2.1.1.Final.jar;C:\Users\Administrator\.m2\repository\io\quarkus\security\quarkus-security\1.1.4.Final\quarkus-security-1.1.4.Final.jar;C:\Users\Administrator\.m2\repository\io\quarkus\quarkus-vertx-core\2.1.1.Final\quarkus-vertx-core-2.1.1.Final.jar;C:\Users\Administrator\.m2\repository\io\netty\netty-codec-haproxy\4.1.65.Final\netty-codec-haproxy-4.1.65.Final.jar;C:\Users\Administrator\.m2\repository\io\vertx\vertx-web\4.1.2\vertx-web-4.1.2.jar;C:\Users\Administrator\.m2\repository\io\vertx\vertx-web-common\4.1.2\vertx-web-common-4.1.2.jar;C:\Users\Administrator\.m2\repository\io\vertx\vertx-auth-common\4.1.2\vertx-auth-common-4.1.2.jar;C:\Users\Administrator\.m2\repository\io\vertx\vertx-bridge-common\4.1.2\vertx-bridge-common-4.1.2.jar;C:\Users\Administrator\.m2\repository\io\quarkus\quarkus-resteasy-server-common\2.1.1.Final\quarkus-resteasy-server-common-2.1.1.Final.jar;C:\Users\Administrator\.m2\repository\io\quarkus\quarkus-resteasy-common\2.1.1.Final\quarkus-resteasy-common-2.1.1.Final.jar;C:\Users\Administrator\.m2\repository\org\jboss\resteasy\resteasy-core\4.7.0.Final\resteasy-core-4.7.0.Final.jar;C:\Users\Administrator\.m2\repository\org\jboss\spec\javax\ws\rs\jboss-jaxrs-api_2.1_spec\2.0.1.Final\jboss-jaxrs-api_2.1_spec-2.0.1.Final.jar;C:\Users\Administrator\.m2\repository\org\jboss\resteasy\resteasy-core-spi\4.7.0.Final\resteasy-core-spi-4.7.0.Final.jar;C:\Users\Administrator\.m2\repository\com\ibm\async\asyncutil\0.1.0\asyncutil-0.1.0.jar;C:\Users\Administrator\.m2\repository\com\sun\activation\jakarta.activation\1.2.1\jakarta.activation-1.2.1.jar;C:\Users\Administrator\.m2\repository\jakarta\validation\jakarta.validation-api\2.0.2\jakarta.validation-api-2.0.2.jar;C:\Users\Administrator\.m2\repository\io\quarkus\quarkus-junit5\2.1.1.Final\quarkus-junit5-2.1.1.Final.jar;C:\Users\Administrator\.m2\repository\io\quarkus\quarkus-bootstrap-core\2.1.1.Final\quarkus-bootstrap-core-2.1.1.Final.jar;C:\Users\Administrator\.m2\repository\io\quarkus\quarkus-bootstrap-app-model\2.1.1.Final\quarkus-bootstrap-app-model-2.1.1.Final.jar;C:\Users\Administrator\.m2\repository\io\quarkus\quarkus-bootstrap-maven-resolver\2.1.1.Final\quarkus-bootstrap-maven-resolver-2.1.1.Final.jar;C:\Users\Administrator\.m2\repository\org\apache\maven\maven-embedder\3.8.1\maven-embedder-3.8.1.jar;C:\Users\Administrator\.m2\repository\org\apache\maven\maven-settings\3.8.1\maven-settings-3.8.1.jar;C:\Users\Administrator\.m2\repository\org\apache\maven\maven-core\3.8.1\maven-core-3.8.1.jar;C:\Users\Administrator\.m2\repository\org\apache\maven\maven-artifact\3.8.1\maven-artifact-3.8.1.jar;C:\Users\Administrator\.m2\repository\org\codehaus\plexus\plexus-component-annotations\2.1.0\plexus-component-annotations-2.1.0.jar;C:\Users\Administrator\.m2\repository\org\apache\maven\maven-plugin-api\3.8.1\maven-plugin-api-3.8.1.jar;C:\Users\Administrator\.m2\repository\org\apache\maven\maven-model\3.8.1\maven-model-3.8.1.jar;C:\Users\Administrator\.m2\repository\org\apache\maven\maven-model-builder\3.8.1\maven-model-builder-3.8.1.jar;C:\Users\Administrator\.m2\repository\org\apache\maven\maven-builder-support\3.8.1\maven-builder-support-3.8.1.jar;C:\Users\Administrator\.m2\repository\org\apache\maven\resolver\maven-resolver-api\1.6.2\maven-resolver-api-1.6.2.jar;C:\Users\Administrator\.m2\repository\org\apache\maven\resolver\maven-resolver-util\1.6.2\maven-resolver-util-1.6.2.jar;C:\Users\Administrator\.m2\repository\org\apache\maven\shared\maven-shared-utils\3.3.3\maven-shared-utils-3.3.3.jar;C:\Users\Administrator\.m2\repository\com\google\inject\guice\4.2.1\guice-4.2.1-no_aop.jar;C:\Users\Administrator\.m2\repository\com\google\guava\guava\30.1.1-jre\guava-30.1.1-jre.jar;C:\Users\Administrator\.m2\repository\com\google\guava\failureaccess\1.0.1\failureaccess-1.0.1.jar;C:\Users\Administrator\.m2\repository\com\google\guava\listenablefuture\9999.0-empty-to-avoid-conflict-with-guava\listenablefuture-9999.0-empty-to-avoid-conflict-with-guava.jar;C:\Users\Administrator\.m2\repository\org\codehaus\plexus\plexus-utils\3.2.1\plexus-utils-3.2.1.jar;C:\Users\Administrator\.m2\repository\org\codehaus\plexus\plexus-classworlds\2.6.0\plexus-classworlds-2.6.0.jar;C:\Users\Administrator\.m2\repository\commons-cli\commons-cli\1.4\commons-cli-1.4.jar;C:\Users\Administrator\.m2\repository\org\eclipse\sisu\org.eclipse.sisu.plexus\0.3.4\org.eclipse.sisu.plexus-0.3.4.jar;C:\Users\Administrator\.m2\repository\org\apache\maven\maven-settings-builder\3.8.1\maven-settings-builder-3.8.1.jar;C:\Users\Administrator\.m2\repository\org\codehaus\plexus\plexus-interpolation\1.25\plexus-interpolation-1.25.jar;C:\Users\Administrator\.m2\repository\org\sonatype\plexus\plexus-sec-dispatcher\1.4\plexus-sec-dispatcher-1.4.jar;C:\Users\Administrator\.m2\repository\org\sonatype\plexus\plexus-cipher\1.4\plexus-cipher-1.4.jar;C:\Users\Administrator\.m2\repository\org\apache\maven\maven-resolver-provider\3.8.1\maven-resolver-provider-3.8.1.jar;C:\Users\Administrator\.m2\repository\org\apache\maven\maven-repository-metadata\3.8.1\maven-repository-metadata-3.8.1.jar;C:\Users\Administrator\.m2\repository\org\apache\maven\resolver\maven-resolver-spi\1.6.2\maven-resolver-spi-1.6.2.jar;C:\Users\Administrator\.m2\repository\org\apache\maven\resolver\maven-resolver-impl\1.6.2\maven-resolver-impl-1.6.2.jar;C:\Users\Administrator\.m2\repository\org\apache\maven\resolver\maven-resolver-connector-basic\1.6.2\maven-resolver-connector-basic-1.6.2.jar;C:\Users\Administrator\.m2\repository\org\apache\maven\resolver\maven-resolver-transport-wagon\1.6.2\maven-resolver-transport-wagon-1.6.2.jar;C:\Users\Administrator\.m2\repository\org\apache\maven\wagon\wagon-http\3.4.3\wagon-http-3.4.3.jar;C:\Users\Administrator\.m2\repository\org\apache\maven\wagon\wagon-http-shared\3.4.3\wagon-http-shared-3.4.3.jar;C:\Users\Administrator\.m2\repository\org\jsoup\jsoup\1.12.1\jsoup-1.12.1.jar;C:\Users\Administrator\.m2\repository\org\apache\maven\wagon\wagon-provider-api\3.4.3\wagon-provider-api-3.4.3.jar;C:\Users\Administrator\.m2\repository\org\apache\maven\wagon\wagon-file\3.4.3\wagon-file-3.4.3.jar;C:\Users\Administrator\.m2\repository\io\quarkus\quarkus-bootstrap-gradle-resolver\2.1.1.Final\quarkus-bootstrap-gradle-resolver-2.1.1.Final.jar;C:\Users\Administrator\.m2\repository\io\smallrye\common\smallrye-common-io\1.6.0\smallrye-common-io-1.6.0.jar;C:\Users\Administrator\.m2\repository\org\eclipse\sisu\org.eclipse.sisu.inject\0.3.4\org.eclipse.sisu.inject-0.3.4.jar;C:\Users\Administrator\.m2\repository\io\quarkus\quarkus-test-common\2.1.1.Final\quarkus-test-common-2.1.1.Final.jar;C:\Users\Administrator\.m2\repository\io\quarkus\quarkus-core-deployment\2.1.1.Final\quarkus-core-deployment-2.1.1.Final.jar;C:\Users\Administrator\.m2\repository\org\aesh\readline\2.1\readline-2.1.jar;C:\Users\Administrator\.m2\repository\org\fusesource\jansi\jansi\1.18\jansi-1.18.jar;C:\Users\Administrator\.m2\repository\io\quarkus\gizmo\gizmo\1.0.9.Final\gizmo-1.0.9.Final.jar;C:\Users\Administrator\.m2\repository\org\ow2\asm\asm-util\9.1\asm-util-9.1.jar;C:\Users\Administrator\.m2\repository\org\ow2\asm\asm-tree\9.1\asm-tree-9.1.jar;C:\Users\Administrator\.m2\repository\org\ow2\asm\asm-analysis\9.1\asm-analysis-9.1.jar;C:\Users\Administrator\.m2\repository\org\ow2\asm\asm\9.1\asm-9.1.jar;C:\Users\Administrator\.m2\repository\io\quarkus\quarkus-class-change-agent\2.1.1.Final\quarkus-class-change-agent-2.1.1.Final.jar;C:\Users\Administrator\.m2\repository\io\quarkus\quarkus-devtools-utilities\2.1.1.Final\quarkus-devtools-utilities-2.1.1.Final.jar;C:\Users\Administrator\.m2\repository\io\quarkus\quarkus-builder\2.1.1.Final\quarkus-builder-2.1.1.Final.jar;C:\Users\Administrator\.m2\repository\org\junit\platform\junit-platform-launcher\1.7.2\junit-platform-launcher-1.7.2.jar;C:\Users\Administrator\.m2\repository\io\quarkus\quarkus-jsonp-deployment\2.1.1.Final\quarkus-jsonp-deployment-2.1.1.Final.jar;C:\Users\Administrator\.m2\repository\org\jboss\logging\commons-logging-jboss-logging\1.0.0.Final\commons-logging-jboss-logging-1.0.0.Final.jar;C:\Users\Administrator\.m2\repository\org\junit\jupiter\junit-jupiter\5.7.2\junit-jupiter-5.7.2.jar;C:\Users\Administrator\.m2\repository\org\junit\jupiter\junit-jupiter-api\5.7.2\junit-jupiter-api-5.7.2.jar;C:\Users\Administrator\.m2\repository\org\apiguardian\apiguardian-api\1.1.0\apiguardian-api-1.1.0.jar;C:\Users\Administrator\.m2\repository\org\opentest4j\opentest4j\1.2.0\opentest4j-1.2.0.jar;C:\Users\Administrator\.m2\repository\org\junit\platform\junit-platform-commons\1.7.2\junit-platform-commons-1.7.2.jar;C:\Users\Administrator\.m2\repository\org\junit\jupiter\junit-jupiter-params\5.7.2\junit-jupiter-params-5.7.2.jar;C:\Users\Administrator\.m2\repository\org\junit\jupiter\junit-jupiter-engine\5.7.2\junit-jupiter-engine-5.7.2.jar;C:\Users\Administrator\.m2\repository\org\junit\platform\junit-platform-engine\1.7.2\junit-platform-engine-1.7.2.jar;C:\Users\Administrator\.m2\repository\com\thoughtworks\xstream\xstream\1.4.17\xstream-1.4.17.jar;C:\Users\Administrator\.m2\repository\io\github\x-stream\mxparser\1.2.1\mxparser-1.2.1.jar;C:\Users\Administrator\.m2\repository\xmlpull\xmlpull\1.1.3.1\xmlpull-1.1.3.1.jar;C:\Users\Administrator\.m2\repository\io\rest-assured\rest-assured\4.4.0\rest-assured-4.4.0.jar;C:\Users\Administrator\.m2\repository\org\codehaus\groovy\groovy\3.0.8\groovy-3.0.8.jar;C:\Users\Administrator\.m2\repository\org\codehaus\groovy\groovy-xml\3.0.8\groovy-xml-3.0.8.jar;C:\Users\Administrator\.m2\repository\org\apache\httpcomponents\httpclient\4.5.13\httpclient-4.5.13.jar;C:\Users\Administrator\.m2\repository\org\apache\httpcomponents\httpcore\4.4.14\httpcore-4.4.14.jar;C:\Users\Administrator\.m2\repository\commons-codec\commons-codec\1.15\commons-codec-1.15.jar;C:\Users\Administrator\.m2\repository\org\apache\httpcomponents\httpmime\4.5.13\httpmime-4.5.13.jar;C:\Users\Administrator\.m2\repository\org\hamcrest\hamcrest\2.1\hamcrest-2.1.jar;C:\Users\Administrator\.m2\repository\org\ccil\cowan\tagsoup\tagsoup\1.2.1\tagsoup-1.2.1.jar;C:\Users\Administrator\.m2\repository\io\rest-assured\json-path\4.4.0\json-path-4.4.0.jar;C:\Users\Administrator\.m2\repository\org\codehaus\groovy\groovy-json\3.0.8\groovy-json-3.0.8.jar;C:\Users\Administrator\.m2\repository\io\rest-assured\rest-assured-common\4.4.0\rest-assured-common-4.4.0.jar;C:\Users\Administrator\.m2\repository\io\rest-assured\xml-path\4.4.0\xml-path-4.4.0.jar;C:\Users\Administrator\.m2\repository\org\apache\commons\commons-lang3\3.12.0\commons-lang3-3.12.0.jar;C:\Users\Administrator\.m2\repository\jakarta\xml\bind\jakarta.xml.bind-api\2.3.3\jakarta.xml.bind-api-2.3.3.jar;C:\Users\Administrator\.m2\repository\jakarta\activation\jakarta.activation-api\1.2.1\jakarta.activation-api-1.2.1.jar;C:\Users\Administrator\.m2\repository\com\sun\xml\bind\jaxb-impl\2.3.3\jaxb-impl-2.3.3.jar;"/>
    <property name="sun.cpu.endian" value="little"/>
    <property name="user.home" value="C:\Users\Administrator"/>
    <property name="user.language" value="zh"/>
    <property name="java.specification.vendor" value="Oracle Corporation"/>
    <property name="io.netty.allocator.maxOrder" value="3"/>
    <property name="java.version.date" value="2019-01-15"/>
    <property name="java.home" value="D:\java11"/>
    <property name="file.separator" value="\"/>
    <property name="basedir" value="E:\github\quarkuskafkaconn"/>
    <property name="java.vm.compressedOopsMode" value="Zero based"/>
    <property name="line.separator" value="&#10;"/>
    <property name="java.specification.name" value="Java Platform API Specification"/>
    <property name="java.vm.specification.vendor" value="Oracle Corporation"/>
    <property name="java.awt.graphicsenv" value="sun.awt.Win32GraphicsEnvironment"/>
    <property name="surefire.real.class.path" value="C:\Users\Administrator\AppData\Local\Temp\surefire1647186453388297202\surefirebooter2095712216996469719.jar"/>
    <property name="user.script" value=""/>
    <property name="sun.management.compiler" value="HotSpot 64-Bit Tiered Compilers"/>
    <property name="java.runtime.version" value="11.0.2-redhat+7-LTS"/>
    <property name="user.name" value="Administrator"/>
    <property name="path.separator" value=";"/>
    <property name="os.version" value="10.0"/>
    <property name="java.runtime.name" value="OpenJDK Runtime Environment"/>
    <property name="file.encoding" value="GBK"/>
    <property name="sun.nio.ch.bugLevel" value=""/>
    <property name="java.vm.name" value="OpenJDK 64-Bit Server VM"/>
    <property name="localRepository" value="C:\Users\Administrator\.m2\repository"/>
    <property name="java.vendor.url.bug" value="http://bugreport.java.com/bugreport/"/>
    <property name="java.io.tmpdir" value="C:\Users\ADMINI~1\AppData\Local\Temp\"/>
    <property name="quarkus.log.file.path" value="target\quarkus.log"/>
    <property name="java.version" value="11.0.2-redhat"/>
    <property name="user.dir" value="E:\github\quarkuskafkaconn"/>
    <property name="os.arch" value="amd64"/>
    <property name="java.vm.specification.name" value="Java Virtual Machine Specification"/>
    <property name="vertx.disableDnsResolver" value="true"/>
    <property name="java.awt.printerjob" value="sun.awt.windows.WPrinterJob"/>
    <property name="sun.os.patch.level" value=""/>
    <property name="java.util.logging.manager" value="org.jboss.logmanager.LogManager"/>
    <property name="java.library.path" value="D:\java11\bin;C:\WINDOWS\Sun\Java\bin;C:\WINDOWS\system32;C:\WINDOWS;C:\Users\Administrator\bin;D:\Program Files\Git\mingw64\bin;D:\Program Files\Git\usr\local\bin;D:\Program Files\Git\usr\bin;D:\Program Files\Git\usr\bin;D:\Program Files\Git\mingw64\bin;D:\Program Files\Git\usr\bin;C:\Users\Administrator\bin;C:\Program Files (x86)\VMware\VMware Player\bin;C:\Program Files (x86)\Common Files\Oracle\Java\javapath;D:\Python\Python37\Scripts;D:\Python\Python37;C:\WINDOWS\system32;C:\WINDOWS;C:\WINDOWS\System32\Wbem;C:\WINDOWS\System32\WindowsPowerShell\v1.0;C:\WINDOWS\System32\OpenSSH;D:\Program Files\TortoiseGit\bin;C:\minishift;D:\java11\bin;D:\Program Files\PuTTY;D:\Program Files\nodejs;C:\Program Files\Git LFS;C:\Program Files\Intel\WiFi\bin;C:\Program Files\Common Files\Intel\WirelessCommon;C:\Go\bin;C:\Users\Administrator\Miniconda3;C:\Users\Administrator\Miniconda3\Library\mingw-w64\bin;C:\Users\Administrator\Miniconda3\Library\usr\bin;C:\Users\Administrator\Miniconda3\Library\bin;C:\Users\Administrator\Miniconda3\Scripts;C:\Users\Administrator\AppData\Local\Microsoft\WindowsApps;C:\Program Files\Intel\WiFi\bin;C:\Program Files\Common Files\Intel\WirelessCommon;C:\minishift;D:\JetBrains\PyCharm Community Edition 2018.3.5\bin;C:\Users\Administrator\AppData\Roaming\npm;D:\Programs\Microsoft VS Code\bin;C:\Program Files\JetBrains\IntelliJ IDEA 2019.2.4\bin;C:\Users\Administrator\go\bin;C:\Users\Administrator\AppData\Local\Programs\Fiddler;%USERPROFILE%\AppData\Local\Microsoft\WindowsApps;D:\Program Files\Git\usr\bin\vendor_perl;D:\Program Files\Git\usr\bin\core_perl;."/>
    <property name="java.vendor" value="Oracle Corporation"/>
    <property name="java.vm.info" value="mixed mode"/>
    <property name="vertx.disableTCCL" value="true"/>
    <property name="java.vm.version" value="11.0.2-redhat+7-LTS"/>
    <property name="sun.io.unicode.encoding" value="UnicodeLittle"/>
    <property name="io.netty.machineId" value="a0:84:c7:e9:2c:29:aa:df"/>
    <property name="java.class.version" value="55.0"/>
  </properties>
  <testcase name="testHelloEndpoint" classname="org.ht.MesEventsTest" time="1.473">
    <system-out><![CDATA[&amp#27;[38;5;145m2021-08-12 08:10:39,614&amp#27;[39m&amp#27;[38;5;188m &amp#27;[39m&amp#27;[38;5;137mWARN &amp#27;[39m&amp#27;[38;5;188m [&amp#27;[39m&amp#27;[38;5;69mio.qua.con.build&amp#27;[39m&amp#27;[38;5;188m] (&amp#27;[39m&amp#27;[38;5;71mmain&amp#27;[39m&amp#27;[38;5;188m) &amp#27;[39m&amp#27;[38;5;151m&amp#27;[39mUsing @ConfigProperty for Quarkus configuration items is deprecated (use @ConfigItem instead) at &amp#27;[38;5;188mio.quarkus.smallrye.reactivemessaging.kafka.ReactiveMessagingKafkaConfig&amp#27;[39m#&amp#27;[38;5;188menableGracefulShutdownInDevAndTestMode&amp#27;[39m&amp#27;[39m&amp#27;[38;5;203m&amp#27;[39m&amp#27;[38;5;227m
&amp#27;[39m&amp#27;[38;5;145m2021-08-12 08:10:40,259&amp#27;[39m&amp#27;[38;5;188m &amp#27;[39m&amp#27;[38;5;137mWARN &amp#27;[39m&amp#27;[38;5;188m [&amp#27;[39m&amp#27;[38;5;69mio.qua.dep.IsDockerWorking&amp#27;[39m&amp#27;[38;5;188m] (&amp#27;[39m&amp#27;[38;5;71mbuild-19&amp#27;[39m&amp#27;[38;5;188m) &amp#27;[39m&amp#27;[38;5;151m&amp#27;[39mNo Docker binary found or general error: &amp#27;[38;5;188mjava.lang.RuntimeException: Input/Output error while executing command.&amp#27;[39m&amp#27;[39m&amp#27;[38;5;203m&amp#27;[39m&amp#27;[38;5;227m
&amp#27;[39m&amp#27;[38;5;145m2021-08-12 08:10:40,259&amp#27;[39m&amp#27;[38;5;188m &amp#27;[39m&amp#27;[38;5;137mWARN &amp#27;[39m&amp#27;[38;5;188m [&amp#27;[39m&amp#27;[38;5;69mio.qua.kaf.cli.dep.DevServicesKafkaProcessor&amp#27;[39m&amp#27;[38;5;188m] (&amp#27;[39m&amp#27;[38;5;71mbuild-19&amp#27;[39m&amp#27;[38;5;188m) &amp#27;[39m&amp#27;[38;5;151mDocker isn't working, please configure the Kafka bootstrap servers property (kafka.bootstrap.servers).&amp#27;[39m&amp#27;[38;5;203m&amp#27;[39m&amp#27;[38;5;227m
&amp#27;[39m&amp#27;[38;5;145m2021-08-12 08:10:43,477&amp#27;[39m&amp#27;[38;5;188m &amp#27;[39m&amp#27;[38;5;137mWARN &amp#27;[39m&amp#27;[38;5;188m [&amp#27;[39m&amp#27;[38;5;69mio.sma.rea.mes.kafka&amp#27;[39m&amp#27;[38;5;188m] (&amp#27;[39m&amp#27;[38;5;71mmain&amp#27;[39m&amp#27;[38;5;188m) &amp#27;[39m&amp#27;[38;5;151m&amp#27;[39mSRMSG18216: No `group.id` set in the configuration, generate a random id: &amp#27;[38;5;188mfbbd0996-b066-4e2e-a7cf-8b2e3ee39c33&amp#27;[39m&amp#27;[39m&amp#27;[38;5;203m&amp#27;[39m&amp#27;[38;5;227m
&amp#27;[39m&amp#27;[38;5;145m2021-08-12 08:10:43,478&amp#27;[39m&amp#27;[38;5;188m &amp#27;[39m&amp#27;[38;5;107mINFO &amp#27;[39m&amp#27;[38;5;188m [&amp#27;[39m&amp#27;[38;5;69mio.sma.rea.mes.kafka&amp#27;[39m&amp#27;[38;5;188m] (&amp#27;[39m&amp#27;[38;5;71mmain&amp#27;[39m&amp#27;[38;5;188m) &amp#27;[39m&amp#27;[38;5;151m&amp#27;[39mSRMSG18229: Configured topics for channel '&amp#27;[38;5;188mmesevents&amp#27;[39m': &amp#27;[38;5;188m[mesevents]&amp#27;[39m&amp#27;[39m&amp#27;[38;5;203m&amp#27;[39m&amp#27;[38;5;227m
&amp#27;[39m&amp#27;[38;5;145m2021-08-12 08:10:43,486&amp#27;[39m&amp#27;[38;5;188m &amp#27;[39m&amp#27;[38;5;107mINFO &amp#27;[39m&amp#27;[38;5;188m [&amp#27;[39m&amp#27;[38;5;69mio.sma.rea.mes.kafka&amp#27;[39m&amp#27;[38;5;188m] (&amp#27;[39m&amp#27;[38;5;71mmain&amp#27;[39m&amp#27;[38;5;188m) &amp#27;[39m&amp#27;[38;5;151m&amp#27;[39mSRMSG18213: Setting &amp#27;[38;5;188mbootstrap.servers&amp#27;[39m to &amp#27;[38;5;188mlocalhost:9092&amp#27;[39m&amp#27;[39m&amp#27;[38;5;203m&amp#27;[39m&amp#27;[38;5;227m
&amp#27;[39m&amp#27;[38;5;145m2021-08-12 08:10:43,486&amp#27;[39m&amp#27;[38;5;188m &amp#27;[39m&amp#27;[38;5;107mINFO &amp#27;[39m&amp#27;[38;5;188m [&amp#27;[39m&amp#27;[38;5;69mio.sma.rea.mes.kafka&amp#27;[39m&amp#27;[38;5;188m] (&amp#27;[39m&amp#27;[38;5;71mmain&amp#27;[39m&amp#27;[38;5;188m) &amp#27;[39m&amp#27;[38;5;151mSRMSG18214: Key deserializer omitted, using String as default&amp#27;[39m&amp#27;[38;5;203m&amp#27;[39m&amp#27;[38;5;227m
&amp#27;[39m&amp#27;[38;5;145m2021-08-12 08:10:43,486&amp#27;[39m&amp#27;[38;5;188m &amp#27;[39m&amp#27;[38;5;107mINFO &amp#27;[39m&amp#27;[38;5;188m [&amp#27;[39m&amp#27;[38;5;69mio.sma.rea.mes.kafka&amp#27;[39m&amp#27;[38;5;188m] (&amp#27;[39m&amp#27;[38;5;71mmain&amp#27;[39m&amp#27;[38;5;188m) &amp#27;[39m&amp#27;[38;5;151m&amp#27;[39mSRMSG18234: Auto-commit disabled for channel &amp#27;[38;5;188mmesevents&amp#27;[39m&amp#27;[39m&amp#27;[38;5;203m&amp#27;[39m&amp#27;[38;5;227m
&amp#27;[39m&amp#27;[38;5;145m2021-08-12 08:10:43,502&amp#27;[39m&amp#27;[38;5;188m &amp#27;[39m&amp#27;[38;5;107mINFO &amp#27;[39m&amp#27;[38;5;188m [&amp#27;[39m&amp#27;[38;5;69morg.apa.kaf.cli.con.ConsumerConfig&amp#27;[39m&amp#27;[38;5;188m] (&amp#27;[39m&amp#27;[38;5;71mmain&amp#27;[39m&amp#27;[38;5;188m) &amp#27;[39m&amp#27;[38;5;151mConsumerConfig values: 
	allow.auto.create.topics = true
	auto.commit.interval.ms = 5000
	auto.offset.reset = latest
	bootstrap.servers = [localhost:9092]
	check.crcs = true
	client.dns.lookup = use_all_dns_ips
	client.id = kafka-consumer-mesevents
	client.rack = 
	connections.max.idle.ms = 540000
	default.api.timeout.ms = 60000
	enable.auto.commit = false
	exclude.internal.topics = true
	fetch.max.bytes = 52428800
	fetch.max.wait.ms = 500
	fetch.min.bytes = 1
	group.id = fbbd0996-b066-4e2e-a7cf-8b2e3ee39c33
	group.instance.id = null
	heartbeat.interval.ms = 3000
	interceptor.classes = []
	internal.leave.group.on.close = true
	internal.throw.on.fetch.stable.offset.unsupported = false
	isolation.level = read_uncommitted
	key.deserializer = class io.smallrye.reactive.messaging.kafka.fault.DeserializerWrapper
	max.partition.fetch.bytes = 1048576
	max.poll.interval.ms = 300000
	max.poll.records = 500
	metadata.max.age.ms = 300000
	metric.reporters = []
	metrics.num.samples = 2
	metrics.recording.level = INFO
	metrics.sample.window.ms = 30000
	partition.assignment.strategy = [class org.apache.kafka.clients.consumer.RangeAssignor]
	receive.buffer.bytes = 65536
	reconnect.backoff.max.ms = 10000
	reconnect.backoff.ms = 50
	request.timeout.ms = 30000
	retry.backoff.ms = 100
	sasl.client.callback.handler.class = null
	sasl.jaas.config = null
	sasl.kerberos.kinit.cmd = /usr/bin/kinit
	sasl.kerberos.min.time.before.relogin = 60000
	sasl.kerberos.service.name = null
	sasl.kerberos.ticket.renew.jitter = 0.05
	sasl.kerberos.ticket.renew.window.factor = 0.8
	sasl.login.callback.handler.class = null
	sasl.login.class = null
	sasl.login.refresh.buffer.seconds = 300
	sasl.login.refresh.min.period.seconds = 60
	sasl.login.refresh.window.factor = 0.8
	sasl.login.refresh.window.jitter = 0.05
	sasl.mechanism = GSSAPI
	security.protocol = PLAINTEXT
	security.providers = null
	send.buffer.bytes = 131072
	session.timeout.ms = 10000
	socket.connection.setup.timeout.max.ms = 30000
	socket.connection.setup.timeout.ms = 10000
	ssl.cipher.suites = null
	ssl.enabled.protocols = [TLSv1.2, TLSv1.3]
	ssl.endpoint.identification.algorithm = https
	ssl.engine.factory.class = null
	ssl.key.password = null
	ssl.keymanager.algorithm = SunX509
	ssl.keystore.certificate.chain = null
	ssl.keystore.key = null
	ssl.keystore.location = null
	ssl.keystore.password = null
	ssl.keystore.type = JKS
	ssl.protocol = TLSv1.3
	ssl.provider = null
	ssl.secure.random.implementation = null
	ssl.trustmanager.algorithm = PKIX
	ssl.truststore.certificates = null
	ssl.truststore.location = null
	ssl.truststore.password = null
	ssl.truststore.type = JKS
	value.deserializer = class io.smallrye.reactive.messaging.kafka.fault.DeserializerWrapper
&amp#27;[39m&amp#27;[38;5;203m&amp#27;[39m&amp#27;[38;5;227m
&amp#27;[39m&amp#27;[38;5;145m2021-08-12 08:10:43,601&amp#27;[39m&amp#27;[38;5;188m &amp#27;[39m&amp#27;[38;5;137mWARN &amp#27;[39m&amp#27;[38;5;188m [&amp#27;[39m&amp#27;[38;5;69morg.apa.kaf.cli.con.ConsumerConfig&amp#27;[39m&amp#27;[38;5;188m] (&amp#27;[39m&amp#27;[38;5;71mmain&amp#27;[39m&amp#27;[38;5;188m) &amp#27;[39m&amp#27;[38;5;151mThe configuration 'graceful-shutdown' was supplied but isn't a known config.&amp#27;[39m&amp#27;[38;5;203m&amp#27;[39m&amp#27;[38;5;227m
&amp#27;[39m&amp#27;[38;5;145m2021-08-12 08:10:43,601&amp#27;[39m&amp#27;[38;5;188m &amp#27;[39m&amp#27;[38;5;107mINFO &amp#27;[39m&amp#27;[38;5;188m [&amp#27;[39m&amp#27;[38;5;69morg.apa.kaf.com.uti.AppInfoParser&amp#27;[39m&amp#27;[38;5;188m] (&amp#27;[39m&amp#27;[38;5;71mmain&amp#27;[39m&amp#27;[38;5;188m) &amp#27;[39m&amp#27;[38;5;151mKafka version: 2.8.0&amp#27;[39m&amp#27;[38;5;203m&amp#27;[39m&amp#27;[38;5;227m
&amp#27;[39m&amp#27;[38;5;145m2021-08-12 08:10:43,602&amp#27;[39m&amp#27;[38;5;188m &amp#27;[39m&amp#27;[38;5;107mINFO &amp#27;[39m&amp#27;[38;5;188m [&amp#27;[39m&amp#27;[38;5;69morg.apa.kaf.com.uti.AppInfoParser&amp#27;[39m&amp#27;[38;5;188m] (&amp#27;[39m&amp#27;[38;5;71mmain&amp#27;[39m&amp#27;[38;5;188m) &amp#27;[39m&amp#27;[38;5;151mKafka commitId: ebb1d6e21cc92130&amp#27;[39m&amp#27;[38;5;203m&amp#27;[39m&amp#27;[38;5;227m
&amp#27;[39m&amp#27;[38;5;145m2021-08-12 08:10:43,602&amp#27;[39m&amp#27;[38;5;188m &amp#27;[39m&amp#27;[38;5;107mINFO &amp#27;[39m&amp#27;[38;5;188m [&amp#27;[39m&amp#27;[38;5;69morg.apa.kaf.com.uti.AppInfoParser&amp#27;[39m&amp#27;[38;5;188m] (&amp#27;[39m&amp#27;[38;5;71mmain&amp#27;[39m&amp#27;[38;5;188m) &amp#27;[39m&amp#27;[38;5;151mKafka startTimeMs: 1628727043601&amp#27;[39m&amp#27;[38;5;203m&amp#27;[39m&amp#27;[38;5;227m
&amp#27;[39m&amp#27;[38;5;145m2021-08-12 08:10:43,604&amp#27;[39m&amp#27;[38;5;188m &amp#27;[39m&amp#27;[38;5;107mINFO &amp#27;[39m&amp#27;[38;5;188m [&amp#27;[39m&amp#27;[38;5;69mio.sma.rea.mes.kafka&amp#27;[39m&amp#27;[38;5;188m] (&amp#27;[39m&amp#27;[38;5;71mmain&amp#27;[39m&amp#27;[38;5;188m) &amp#27;[39m&amp#27;[38;5;151m&amp#27;[39mSRMSG18240: '&amp#27;[38;5;188mthrottled&amp#27;[39m' commit strategy used for channel '&amp#27;[38;5;188mmesevents&amp#27;[39m'&amp#27;[39m&amp#27;[38;5;203m&amp#27;[39m&amp#27;[38;5;227m
&amp#27;[39m&amp#27;[38;5;145m2021-08-12 08:10:43,605&amp#27;[39m&amp#27;[38;5;188m &amp#27;[39m&amp#27;[38;5;107mINFO &amp#27;[39m&amp#27;[38;5;188m [&amp#27;[39m&amp#27;[38;5;69mio.sma.rea.mes.kafka&amp#27;[39m&amp#27;[38;5;188m] (&amp#27;[39m&amp#27;[38;5;71mmain&amp#27;[39m&amp#27;[38;5;188m) &amp#27;[39m&amp#27;[38;5;151m&amp#27;[39mSRMSG18232: Will commit for group '&amp#27;[38;5;188mfbbd0996-b066-4e2e-a7cf-8b2e3ee39c33&amp#27;[39m' every 5000 milliseconds.&amp#27;[39m&amp#27;[38;5;203m&amp#27;[39m&amp#27;[38;5;227m
&amp#27;[39m&amp#27;[38;5;145m2021-08-12 08:10:43,606&amp#27;[39m&amp#27;[38;5;188m &amp#27;[39m&amp#27;[38;5;107mINFO &amp#27;[39m&amp#27;[38;5;188m [&amp#27;[39m&amp#27;[38;5;69mio.sma.rea.mes.kafka&amp#27;[39m&amp#27;[38;5;188m] (&amp#27;[39m&amp#27;[38;5;71mmain&amp#27;[39m&amp#27;[38;5;188m) &amp#27;[39m&amp#27;[38;5;151m&amp#27;[39mSRMSG18236: Will mark throttled commit strategy for group '&amp#27;[38;5;188mfbbd0996-b066-4e2e-a7cf-8b2e3ee39c33&amp#27;[39m' as unhealthy if records go more than 60000 milliseconds without being processed.&amp#27;[39m&amp#27;[38;5;203m&amp#27;[39m&amp#27;[38;5;227m
&amp#27;[39m&amp#27;[38;5;145m2021-08-12 08:10:45,060&amp#27;[39m&amp#27;[38;5;188m &amp#27;[39m&amp#27;[38;5;107mINFO &amp#27;[39m&amp#27;[38;5;188m [&amp#27;[39m&amp#27;[38;5;69mio.quarkus&amp#27;[39m&amp#27;[38;5;188m] (&amp#27;[39m&amp#27;[38;5;71mmain&amp#27;[39m&amp#27;[38;5;188m) &amp#27;[39m&amp#27;[38;5;151m&amp#27;[39mQuarkus &amp#27;[38;5;188m2.1.1.Final&amp#27;[39m &amp#27;[38;5;188mon JVM&amp#27;[39m started in &amp#27;[38;5;188m5.677&amp#27;[39ms. &amp#27;[38;5;188mListening on: http://localhost:8081&amp#27;[39m&amp#27;[39m&amp#27;[38;5;203m&amp#27;[39m&amp#27;[38;5;227m
&amp#27;[39m&amp#27;[38;5;145m2021-08-12 08:10:45,060&amp#27;[39m&amp#27;[38;5;188m &amp#27;[39m&amp#27;[38;5;107mINFO &amp#27;[39m&amp#27;[38;5;188m [&amp#27;[39m&amp#27;[38;5;69mio.quarkus&amp#27;[39m&amp#27;[38;5;188m] (&amp#27;[39m&amp#27;[38;5;71mmain&amp#27;[39m&amp#27;[38;5;188m) &amp#27;[39m&amp#27;[38;5;151m&amp#27;[39mProfile &amp#27;[38;5;188mtest&amp#27;[39m activated. &amp#27;[38;5;188m&amp#27;[39m&amp#27;[39m&amp#27;[38;5;203m&amp#27;[39m&amp#27;[38;5;227m
&amp#27;[39m&amp#27;[38;5;145m2021-08-12 08:10:45,060&amp#27;[39m&amp#27;[38;5;188m &amp#27;[39m&amp#27;[38;5;107mINFO &amp#27;[39m&amp#27;[38;5;188m [&amp#27;[39m&amp#27;[38;5;69mio.quarkus&amp#27;[39m&amp#27;[38;5;188m] (&amp#27;[39m&amp#27;[38;5;71mmain&amp#27;[39m&amp#27;[38;5;188m) &amp#27;[39m&amp#27;[38;5;151m&amp#27;[39mInstalled features: [&amp#27;[38;5;188mcdi, kafka-client, kubernetes, kubernetes-client, openshift-client, resteasy, resteasy-jsonb, smallrye-context-propagation, smallrye-reactive-messaging, smallrye-reactive-messaging-kafka, vertx&amp#27;[39m]&amp#27;[39m&amp#27;[38;5;203m&amp#27;[39m&amp#27;[38;5;227m
&amp#27;[39m]]></system-out>
  </testcase>
</testsuite>